[2017-08-30 14:37:47,577][INFO] Abriendo el Comunicador...
[2017-08-30 14:37:47,604][INFO] Comunicador abierto exitosamente!
[2017-08-30 14:37:48,306][INFO] [FTP] Servidor disponible (181.28.14.17).
[2017-08-30 14:37:54,416][DEBUG] [GSM] Telit UL865-NAR conectada en /dev/ttyUSB1.
[2017-08-30 14:37:54,437][INFO] [GSM] Listo para usarse (ttyUSB1).
[2017-08-30 14:37:54,502][INFO] [WIFI] Listo para usarse (wlan0 - 192.168.1.115).
[2017-08-30 14:37:54,559][INFO] [WIFI] Conexion a Internet disponible.
[2017-08-30 14:37:58,882][INFO] [WIFI] Se ha perdido la conexion a Internet.
[2017-08-30 14:37:58,907][INFO] [GPRS] Listo para usarse (/dev/ttyUSB1 - 10.128.177.90).
[2017-08-30 14:38:04,425][INFO] [GPRS] Conexion a Internet disponible.
[2017-08-30 14:38:06,555][INFO] [WIFI] Conexion a Internet disponible.
[2017-08-30 14:38:12,432][INFO] Cerrando el Comunicador...
[2017-08-30 14:38:13,195][WARNING] [TRANSMITTER] Funcion 'run' terminada.
[2017-08-30 14:38:13,196][INFO] [TRANSMITTER] Objeto destruido.
[2017-08-30 14:38:13,574][WARNING] [CONTROLLER] Función 'run' terminada.
[2017-08-30 14:38:13,576][INFO] [GPRS] Objeto destruido.
[2017-08-30 14:38:14,036][WARNING] [WIFI-TCP] Función 'receiveTCP' terminada.
[2017-08-30 14:38:14,038][WARNING] [WIFI-UDP] Función 'receiveUDP' terminada.
[2017-08-30 14:38:14,040][INFO] [WIFI] Objeto destruido.
[2017-08-30 14:38:15,703][WARNING] [GSM] Función 'receiveAT' terminada.
[2017-08-30 14:38:15,706][INFO] [GSM] Objeto destruido.
[2017-08-30 14:38:15,707][INFO] [CONTROLLER] Objeto destruido.
[2017-08-30 14:38:15,708][INFO] Comunicador cerrado exitosamente!
[2017-08-30 15:38:46,912][INFO] Abriendo el Comunicador...
[2017-08-30 15:38:46,938][INFO] Comunicador abierto exitosamente!
[2017-08-30 15:38:47,626][INFO] [FTP] Servidor disponible (181.28.14.17).
[2017-08-30 15:38:52,234][DEBUG] [GSM] Telit UL865-NAR conectada en /dev/ttyUSB1.
[2017-08-30 15:38:52,258][INFO] [GSM] Listo para usarse (ttyUSB1).
[2017-08-30 15:38:52,308][INFO] [WIFI] Listo para usarse (wlan0 - 192.168.1.115).
[2017-08-30 15:38:52,513][INFO] [WIFI] Conexion a Internet disponible.
[2017-08-30 15:38:58,352][INFO] [GPRS] Listo para usarse (/dev/ttyUSB1 - 10.128.177.90).
[2017-08-30 15:39:01,421][INFO] Cerrando el Comunicador...
[2017-08-30 15:39:02,032][WARNING] [TRANSMITTER] Funcion 'run' terminada.
[2017-08-30 15:39:02,033][INFO] [TRANSMITTER] Objeto destruido.
[2017-08-30 15:39:03,493][INFO] [GPRS] Conexion a Internet disponible.
[2017-08-30 15:39:05,535][WARNING] [CONTROLLER] Función 'run' terminada.
[2017-08-30 15:39:05,538][INFO] [GPRS] Objeto destruido.
[2017-08-30 15:39:05,839][WARNING] [WIFI-UDP] Función 'receiveUDP' terminada.
[2017-08-30 15:39:05,841][WARNING] [WIFI-TCP] Función 'receiveTCP' terminada.
[2017-08-30 15:39:05,844][INFO] [WIFI] Objeto destruido.
[2017-08-30 15:39:09,372][WARNING] [GSM] Función 'receiveAT' terminada.
[2017-08-30 15:39:09,373][INFO] [GSM] Objeto destruido.
[2017-08-30 15:39:09,374][INFO] [CONTROLLER] Objeto destruido.
[2017-08-30 15:39:09,375][INFO] Comunicador cerrado exitosamente!
[2017-08-30 15:40:32,839][INFO] Abriendo el Comunicador...
[2017-08-30 15:40:32,868][INFO] Comunicador abierto exitosamente!
[2017-08-30 15:40:33,684][INFO] [FTP] Servidor disponible (181.28.14.17).
[2017-08-30 15:40:38,291][DEBUG] [GSM] Telit UL865-NAR conectada en /dev/ttyUSB1.
[2017-08-30 15:40:38,310][INFO] [GSM] Listo para usarse (ttyUSB1).
[2017-08-30 15:40:38,362][INFO] [WIFI] Listo para usarse (wlan0 - 192.168.1.115).
[2017-08-30 15:40:38,462][INFO] [WIFI] Conexion a Internet disponible.
[2017-08-30 15:40:42,936][INFO] [GPRS] Listo para usarse (/dev/ttyUSB1 - 10.128.177.90).
[2017-08-30 15:40:46,244][INFO] [GPRS] Conexion a Internet disponible.
[2017-08-30 15:40:51,816][INFO] Cerrando el Comunicador...
[2017-08-30 15:40:52,525][WARNING] [TRANSMITTER] Funcion 'run' terminada.
[2017-08-30 15:40:52,526][INFO] [TRANSMITTER] Objeto destruido.
[2017-08-30 15:40:58,179][WARNING] [CONTROLLER] Función 'run' terminada.
[2017-08-30 15:40:58,182][INFO] [GPRS] Objeto destruido.
[2017-08-30 15:40:59,396][WARNING] [WIFI-TCP] Función 'receiveTCP' terminada.
[2017-08-30 15:40:59,398][WARNING] [WIFI-UDP] Función 'receiveUDP' terminada.
[2017-08-30 15:40:59,400][INFO] [WIFI] Objeto destruido.
[2017-08-30 15:41:02,031][WARNING] [GSM] Función 'receiveAT' terminada.
[2017-08-30 15:41:02,033][INFO] [GSM] Objeto destruido.
[2017-08-30 15:41:02,035][INFO] [CONTROLLER] Objeto destruido.
[2017-08-30 15:41:02,036][INFO] Comunicador cerrado exitosamente!
[2017-08-30 15:51:33,060][INFO] Abriendo el Comunicador...
[2017-08-30 15:52:36,294][INFO] Abriendo el Comunicador...
[2017-08-30 15:58:58,625][INFO] Abriendo el Comunicador...
[2017-08-30 15:58:58,640][INFO] Comunicador abierto exitosamente!
[2017-08-30 15:59:04,743][DEBUG] [GSM] Telit UL865-NAR conectada en /dev/ttyUSB1.
[2017-08-30 15:59:04,763][INFO] [GSM] Listo para usarse (ttyUSB1).
[2017-08-30 15:59:04,794][INFO] [WIFI] Listo para usarse (wlan0 - 192.168.1.115).
[2017-08-30 15:59:10,878][INFO] [WIFI] Conexion a Internet disponible.
[2017-08-30 15:59:10,901][INFO] [GPRS] Listo para usarse (/dev/ttyUSB1 - 10.128.177.90).
[2017-08-30 15:59:14,081][INFO] [GPRS] Conexion a Internet disponible.
[2017-08-30 15:59:41,105][INFO] Cerrando el Comunicador...
[2017-08-30 15:59:42,261][WARNING] [TRANSMITTER] Funcion 'run' terminada.
[2017-08-30 15:59:42,263][INFO] [TRANSMITTER] Objeto destruido.
[2017-08-30 15:59:42,616][WARNING] [CONTROLLER] Función 'run' terminada.
[2017-08-30 15:59:42,619][INFO] [GPRS] Objeto destruido.
[2017-08-30 15:59:43,844][WARNING] [WIFI-TCP] Función 'receiveTCP' terminada.
[2017-08-30 15:59:43,847][WARNING] [WIFI-UDP] Función 'receiveUDP' terminada.
[2017-08-30 15:59:43,850][INFO] [WIFI] Objeto destruido.
[2017-08-30 15:59:46,526][WARNING] [GSM] Función 'receiveAT' terminada.
[2017-08-30 15:59:46,536][INFO] [GSM] Objeto destruido.
[2017-08-30 15:59:46,538][INFO] [CONTROLLER] Objeto destruido.
[2017-08-30 15:59:46,540][INFO] Comunicador cerrado exitosamente!
[2017-08-30 16:00:08,055][INFO] Abriendo el Comunicador...
[2017-08-30 16:00:08,071][INFO] Comunicador abierto exitosamente!
[2017-08-30 16:00:14,181][DEBUG] [GSM] Telit UL865-NAR conectada en /dev/ttyUSB1.
[2017-08-30 16:00:14,201][INFO] [GSM] Listo para usarse (ttyUSB1).
[2017-08-30 16:00:14,237][INFO] [WIFI] Listo para usarse (wlan0 - 192.168.1.115).
[2017-08-30 16:00:14,257][INFO] [WIFI] Conexion a Internet disponible.
[2017-08-30 16:00:18,722][INFO] [GPRS] Listo para usarse (/dev/ttyUSB1 - 10.128.177.90).
[2017-08-30 16:00:24,963][INFO] [GPRS] Conexion a Internet disponible.
[2017-08-30 16:00:30,393][INFO] Cerrando el Comunicador...
[2017-08-30 16:00:30,684][WARNING] [TRANSMITTER] Funcion 'run' terminada.
[2017-08-30 16:00:30,686][INFO] [TRANSMITTER] Objeto destruido.
[2017-08-30 16:00:42,276][WARNING] [CONTROLLER] Función 'run' terminada.
[2017-08-30 16:00:42,279][INFO] [GPRS] Objeto destruido.
[2017-08-30 16:00:42,780][WARNING] [WIFI-UDP] Función 'receiveUDP' terminada.
[2017-08-30 16:00:42,783][WARNING] [WIFI-TCP] Función 'receiveTCP' terminada.
[2017-08-30 16:00:42,785][INFO] [WIFI] Objeto destruido.
[2017-08-30 16:00:46,186][WARNING] [GSM] Función 'receiveAT' terminada.
[2017-08-30 16:00:46,188][INFO] [GSM] Objeto destruido.
[2017-08-30 16:00:46,189][INFO] [CONTROLLER] Objeto destruido.
[2017-08-30 16:00:46,190][INFO] Comunicador cerrado exitosamente!
[2017-08-30 16:01:03,965][INFO] Abriendo el Comunicador...
[2017-08-30 16:01:03,978][INFO] Comunicador abierto exitosamente!
[2017-08-30 16:01:08,586][DEBUG] [GSM] Telit UL865-NAR conectada en /dev/ttyUSB1.
[2017-08-30 16:01:08,607][INFO] [GSM] Listo para usarse (ttyUSB1).
[2017-08-30 16:01:08,651][INFO] [WIFI] Listo para usarse (wlan0 - 192.168.1.115).
[2017-08-30 16:01:08,683][INFO] [WIFI] Conexion a Internet disponible.
[2017-08-30 16:01:13,005][INFO] [GPRS] Listo para usarse (/dev/ttyUSB1 - 10.128.177.90).
[2017-08-30 16:01:16,403][INFO] [GPRS] Conexion a Internet disponible.
[2017-08-30 16:01:18,829][INFO] Cerrando el Comunicador...
[2017-08-30 16:01:19,064][WARNING] [TRANSMITTER] Funcion 'run' terminada.
[2017-08-30 16:01:19,066][INFO] [TRANSMITTER] Objeto destruido.
[2017-08-30 16:01:25,537][WARNING] [CONTROLLER] Función 'run' terminada.
[2017-08-30 16:01:25,539][INFO] [GPRS] Objeto destruido.
[2017-08-30 16:01:26,679][WARNING] [WIFI-UDP] Función 'receiveUDP' terminada.
[2017-08-30 16:01:26,681][WARNING] [WIFI-TCP] Función 'receiveTCP' terminada.
[2017-08-30 16:01:26,684][INFO] [WIFI] Objeto destruido.
[2017-08-30 16:01:29,446][WARNING] [GSM] Función 'receiveAT' terminada.
[2017-08-30 16:01:29,447][INFO] [GSM] Objeto destruido.
[2017-08-30 16:01:29,448][INFO] [CONTROLLER] Objeto destruido.
[2017-08-30 16:01:29,449][INFO] Comunicador cerrado exitosamente!
[2017-08-30 16:05:06,419][INFO] Abriendo el Comunicador...
[2017-08-30 16:05:06,440][INFO] Comunicador abierto exitosamente!
[2017-08-30 16:05:12,546][DEBUG] [GSM] Telit UL865-NAR conectada en /dev/ttyUSB1.
[2017-08-30 16:05:12,570][INFO] [GSM] Listo para usarse (ttyUSB1).
[2017-08-30 16:05:12,607][INFO] [WIFI] Listo para usarse (wlan0 - 192.168.1.115).
[2017-08-30 16:05:13,697][INFO] [WIFI] Conexion a Internet disponible.
[2017-08-30 16:05:17,980][INFO] [GPRS] Listo para usarse (/dev/ttyUSB1 - 10.128.177.90).
[2017-08-30 16:05:18,677][INFO] Cerrando el Comunicador...
[2017-08-30 16:05:20,040][WARNING] [TRANSMITTER] Funcion 'run' terminada.
[2017-08-30 16:05:20,041][INFO] [TRANSMITTER] Objeto destruido.
[2017-08-30 16:05:22,582][INFO] [GPRS] Conexion a Internet disponible.
[2017-08-30 16:05:24,622][WARNING] [CONTROLLER] Función 'run' terminada.
[2017-08-30 16:05:24,624][INFO] [GPRS] Objeto destruido.
[2017-08-30 16:05:24,628][WARNING] [WIFI-UDP] Función 'receiveUDP' terminada.
[2017-08-30 16:05:24,632][WARNING] [WIFI-TCP] Función 'receiveTCP' terminada.
[2017-08-30 16:05:24,634][INFO] [WIFI] Objeto destruido.
[2017-08-30 16:05:28,532][WARNING] [GSM] Función 'receiveAT' terminada.
[2017-08-30 16:05:28,534][INFO] [GSM] Objeto destruido.
[2017-08-30 16:05:28,535][INFO] [CONTROLLER] Objeto destruido.
[2017-08-30 16:05:28,536][INFO] Comunicador cerrado exitosamente!
[2017-08-30 16:09:18,073][INFO] Abriendo el Comunicador...
[2017-08-30 16:09:18,091][INFO] Comunicador abierto exitosamente!
[2017-08-30 16:09:24,197][DEBUG] [GSM] Telit UL865-NAR conectada en /dev/ttyUSB1.
[2017-08-30 16:09:24,219][INFO] [GSM] Listo para usarse (ttyUSB1).
[2017-08-30 16:09:24,265][INFO] [WIFI] Listo para usarse (wlan0 - 192.168.1.115).
[2017-08-30 16:09:24,284][INFO] [WIFI] Conexion a Internet disponible.
[2017-08-30 16:09:28,614][INFO] [GPRS] Listo para usarse (/dev/ttyUSB1 - 10.128.177.90).
[2017-08-30 16:09:33,472][INFO] [GPRS] Conexion a Internet disponible.
[2017-08-30 16:09:43,905][INFO] Cerrando el Comunicador...
[2017-08-30 16:09:45,213][WARNING] [TRANSMITTER] Funcion 'run' terminada.
[2017-08-30 16:09:45,214][INFO] [TRANSMITTER] Objeto destruido.
[2017-08-30 16:10:04,684][INFO] [GPRS] Se ha perdido la conexion a Internet.
[2017-08-30 16:10:06,724][WARNING] [CONTROLLER] Función 'run' terminada.
[2017-08-30 16:10:06,727][INFO] [GPRS] Objeto destruido.
[2017-08-30 16:10:07,821][WARNING] [WIFI-UDP] Función 'receiveUDP' terminada.
[2017-08-30 16:10:07,825][WARNING] [WIFI-TCP] Función 'receiveTCP' terminada.
[2017-08-30 16:10:07,827][INFO] [WIFI] Objeto destruido.
[2017-08-30 16:10:21,808][INFO] Abriendo el Comunicador...
[2017-08-30 16:10:21,820][INFO] Comunicador abierto exitosamente!
[2017-08-30 16:10:26,428][DEBUG] [GSM] Telit UL865-NAR conectada en /dev/ttyUSB1.
[2017-08-30 16:10:26,450][INFO] [GSM] Listo para usarse (ttyUSB1).
[2017-08-30 16:10:26,491][INFO] [WIFI] Listo para usarse (wlan0 - 192.168.1.115).
[2017-08-30 16:10:26,517][INFO] [WIFI] Conexion a Internet disponible.
[2017-08-30 16:10:34,744][INFO] [GPRS] Listo para usarse (/dev/ttyUSB1 - 10.128.66.8).
[2017-08-30 16:10:40,837][INFO] [GPRS] Conexion a Internet disponible.
[2017-08-30 16:10:51,562][INFO] Cerrando el Comunicador...
[2017-08-30 16:10:51,930][WARNING] [TRANSMITTER] Funcion 'run' terminada.
[2017-08-30 16:10:51,932][INFO] [TRANSMITTER] Objeto destruido.
[2017-08-30 16:10:54,272][WARNING] [CONTROLLER] Función 'run' terminada.
[2017-08-30 16:10:54,282][INFO] [GPRS] Objeto destruido.
[2017-08-30 16:10:55,032][WARNING] [WIFI-TCP] Función 'receiveTCP' terminada.
[2017-08-30 16:10:55,035][WARNING] [WIFI-UDP] Función 'receiveUDP' terminada.
[2017-08-30 16:10:55,038][INFO] [WIFI] Objeto destruido.
[2017-08-30 16:11:00,181][WARNING] [GSM] Función 'receiveAT' terminada.
[2017-08-30 16:11:00,184][INFO] [GSM] Objeto destruido.
[2017-08-30 16:11:00,185][INFO] [CONTROLLER] Objeto destruido.
[2017-08-30 16:11:00,186][INFO] Comunicador cerrado exitosamente!
[2017-08-30 16:13:23,210][INFO] Abriendo el Comunicador...
[2017-08-30 16:13:23,222][INFO] Comunicador abierto exitosamente!
[2017-08-30 16:13:27,830][DEBUG] [GSM] Telit UL865-NAR conectada en /dev/ttyUSB1.
[2017-08-30 16:13:27,850][INFO] [GSM] Listo para usarse (ttyUSB1).
[2017-08-30 16:13:27,893][INFO] [WIFI] Listo para usarse (wlan0 - 192.168.1.115).
[2017-08-30 16:13:29,002][INFO] [WIFI] Conexion a Internet disponible.
[2017-08-30 16:13:33,376][INFO] [GPRS] Listo para usarse (/dev/ttyUSB1 - 10.128.66.8).
[2017-08-30 16:13:37,764][INFO] [GPRS] Conexion a Internet disponible.
[2017-08-30 16:13:49,123][INFO] Cerrando el Comunicador...
[2017-08-30 16:13:50,305][WARNING] [TRANSMITTER] Funcion 'run' terminada.
[2017-08-30 16:13:50,307][INFO] [TRANSMITTER] Objeto destruido.
[2017-08-30 16:14:01,004][INFO] [GPRS] Se ha perdido la conexion a Internet.
[2017-08-30 16:14:03,046][WARNING] [CONTROLLER] Función 'run' terminada.
[2017-08-30 16:14:03,049][INFO] [GPRS] Objeto destruido.
[2017-08-30 16:14:03,943][WARNING] [WIFI-TCP] Función 'receiveTCP' terminada.
[2017-08-30 16:14:03,946][WARNING] [WIFI-UDP] Función 'receiveUDP' terminada.
[2017-08-30 16:14:03,948][INFO] [WIFI] Objeto destruido.
[2017-08-30 16:15:03,219][INFO] Abriendo el Comunicador...
[2017-08-30 16:15:03,231][INFO] Comunicador abierto exitosamente!
[2017-08-30 16:15:07,838][DEBUG] [GSM] Telit UL865-NAR conectada en /dev/ttyUSB1.
[2017-08-30 16:15:07,860][INFO] [GSM] Listo para usarse (ttyUSB1).
[2017-08-30 16:15:07,903][INFO] [WIFI] Listo para usarse (wlan0 - 192.168.1.115).
[2017-08-30 16:15:07,955][INFO] [WIFI] Conexion a Internet disponible.
[2017-08-30 16:15:08,514][INFO] [FTP] Servidor disponible (181.28.14.17).
[2017-08-30 16:15:13,666][INFO] Cerrando el Comunicador...
[2017-08-30 16:15:13,818][WARNING] [TRANSMITTER] Funcion 'run' terminada.
[2017-08-30 16:15:13,819][INFO] [TRANSMITTER] Objeto destruido.
[2017-08-30 16:15:15,978][INFO] [GPRS] Listo para usarse (/dev/ttyUSB1 - 10.133.104.85).
[2017-08-30 16:15:22,078][INFO] [GPRS] Conexion a Internet disponible.
[2017-08-30 16:15:24,119][WARNING] [CONTROLLER] Función 'run' terminada.
[2017-08-30 16:15:24,121][INFO] [GPRS] Objeto destruido.
[2017-08-30 16:15:24,429][WARNING] [WIFI-TCP] Función 'receiveTCP' terminada.
[2017-08-30 16:15:24,433][WARNING] [WIFI-UDP] Función 'receiveUDP' terminada.
[2017-08-30 16:15:24,435][INFO] [WIFI] Objeto destruido.
[2017-08-30 16:15:27,961][WARNING] [GSM] Función 'receiveAT' terminada.
[2017-08-30 16:15:27,962][INFO] [GSM] Objeto destruido.
[2017-08-30 16:15:27,964][INFO] [CONTROLLER] Objeto destruido.
[2017-08-30 16:15:27,965][INFO] Comunicador cerrado exitosamente!
[2017-08-30 16:15:40,481][INFO] Abriendo el Comunicador...
[2017-08-30 16:15:40,494][INFO] Comunicador abierto exitosamente!
[2017-08-30 16:15:46,603][DEBUG] [GSM] Telit UL865-NAR conectada en /dev/ttyUSB1.
[2017-08-30 16:15:46,624][INFO] [GSM] Listo para usarse (ttyUSB1).
[2017-08-30 16:15:46,656][INFO] [WIFI] Listo para usarse (wlan0 - 192.168.1.115).
[2017-08-30 16:15:46,680][INFO] [WIFI] Conexion a Internet disponible.
[2017-08-30 16:15:47,086][INFO] [FTP] Servidor disponible (181.28.14.17).
[2017-08-30 16:15:51,354][INFO] [GPRS] Listo para usarse (/dev/ttyUSB1 - 10.133.104.85).
[2017-08-30 16:15:55,797][INFO] [GPRS] Conexion a Internet disponible.
[2017-08-30 16:16:17,439][INFO] Cerrando el Comunicador...
[2017-08-30 16:16:18,117][WARNING] [TRANSMITTER] Funcion 'run' terminada.
[2017-08-30 16:16:18,118][INFO] [TRANSMITTER] Objeto destruido.
[2017-08-30 16:16:18,508][WARNING] [CONTROLLER] Función 'run' terminada.
[2017-08-30 16:16:18,510][INFO] [GPRS] Objeto destruido.
[2017-08-30 16:16:19,702][WARNING] [WIFI-UDP] Función 'receiveUDP' terminada.
[2017-08-30 16:16:19,704][WARNING] [WIFI-TCP] Función 'receiveTCP' terminada.
[2017-08-30 16:16:19,706][INFO] [WIFI] Objeto destruido.
[2017-08-30 16:16:33,181][INFO] Abriendo el Comunicador...
[2017-08-30 16:16:33,197][INFO] Comunicador abierto exitosamente!
[2017-08-30 16:16:39,310][DEBUG] [GSM] Telit UL865-NAR conectada en /dev/ttyUSB1.
[2017-08-30 16:16:39,331][INFO] [GSM] Listo para usarse (ttyUSB1).
[2017-08-30 16:16:39,376][INFO] [WIFI] Listo para usarse (wlan0 - 192.168.1.115).
[2017-08-30 16:16:39,399][INFO] [WIFI] Conexion a Internet disponible.
[2017-08-30 16:16:40,283][INFO] [FTP] Servidor disponible (181.28.14.17).
[2017-08-30 16:16:46,849][INFO] [GPRS] Listo para usarse (/dev/ttyUSB1 - 10.128.2.165).
[2017-08-30 16:16:52,515][INFO] [GPRS] Conexion a Internet disponible.
[2017-08-30 16:17:06,191][INFO] [COMMUNICATOR] Mensaje almacenado en la cola esperando ser enviado...
[2017-08-30 16:17:27,100][INFO] Cerrando el Comunicador...
[2017-08-30 16:17:27,324][WARNING] [TRANSMITTER] Funcion 'run' terminada.
[2017-08-30 16:17:27,326][INFO] [TRANSMITTER] Objeto destruido.
[2017-08-30 16:17:28,476][WARNING] [CONTROLLER] Función 'run' terminada.
[2017-08-30 16:17:28,479][INFO] [GPRS] Objeto destruido.
[2017-08-30 16:17:28,940][WARNING] [WIFI-TCP] Función 'receiveTCP' terminada.
[2017-08-30 16:17:28,941][WARNING] [WIFI-UDP] Función 'receiveUDP' terminada.
[2017-08-30 16:17:28,943][INFO] [WIFI] Objeto destruido.
[2017-08-30 16:17:32,381][WARNING] [GSM] Función 'receiveAT' terminada.
[2017-08-30 16:17:32,383][INFO] [GSM] Objeto destruido.
[2017-08-30 16:17:32,384][INFO] [CONTROLLER] Objeto destruido.
[2017-08-30 16:17:32,385][INFO] Comunicador cerrado exitosamente!
[2017-08-30 16:19:14,053][INFO] Abriendo el Comunicador...
[2017-08-30 16:19:14,066][INFO] Comunicador abierto exitosamente!
[2017-08-30 16:19:18,677][DEBUG] [GSM] Telit UL865-NAR conectada en /dev/ttyUSB1.
[2017-08-30 16:19:18,697][INFO] [GSM] Listo para usarse (ttyUSB1).
[2017-08-30 16:19:18,728][INFO] [WIFI] Listo para usarse (wlan0 - 192.168.1.115).
[2017-08-30 16:19:18,808][INFO] [WIFI] Conexion a Internet disponible.
[2017-08-30 16:19:19,643][INFO] [FTP] Servidor disponible (181.28.14.17).
[2017-08-30 16:19:23,907][INFO] [GPRS] Listo para usarse (/dev/ttyUSB1 - 10.128.2.165).
[2017-08-30 16:19:27,004][INFO] [GPRS] Conexion a Internet disponible.
[2017-08-30 16:19:39,251][INFO] [COMMUNICATOR] Mensaje almacenado en la cola esperando ser enviado...
[2017-08-30 16:19:48,223][INFO] Cerrando el Comunicador...
[2017-08-30 16:19:48,409][WARNING] [TRANSMITTER] Funcion 'run' terminada.
[2017-08-30 16:19:48,411][INFO] [TRANSMITTER] Objeto destruido.
[2017-08-30 16:19:50,205][INFO] [GPRS] Se ha perdido la conexion a Internet.
[2017-08-30 16:19:50,783][INFO] [FTP] Servidor disponible (181.28.14.17).
[2017-08-30 16:19:52,791][WARNING] [CONTROLLER] Función 'run' terminada.
[2017-08-30 16:19:52,794][INFO] [GPRS] Objeto destruido.
[2017-08-30 16:19:53,278][WARNING] [WIFI-UDP] Función 'receiveUDP' terminada.
[2017-08-30 16:19:53,282][WARNING] [WIFI-TCP] Función 'receiveTCP' terminada.
[2017-08-30 16:19:53,293][INFO] [WIFI] Objeto destruido.
[2017-08-30 16:23:39,911][INFO] Abriendo el Comunicador...
[2017-08-30 16:23:39,919][INFO] Comunicador abierto exitosamente!
[2017-08-30 16:23:44,532][DEBUG] [GSM] Telit UL865-NAR conectada en /dev/ttyUSB1.
[2017-08-30 16:23:44,552][INFO] [GSM] Listo para usarse (ttyUSB1).
[2017-08-30 16:23:44,585][INFO] [WIFI] Listo para usarse (wlan0 - 192.168.1.115).
[2017-08-30 16:23:44,812][INFO] [WIFI] Conexion a Internet disponible.
[2017-08-30 16:23:45,550][INFO] [FTP] Servidor disponible (181.28.14.17).
[2017-08-30 16:24:00,997][INFO] [COMMUNICATOR] Mensaje almacenado en la cola esperando ser enviado...
[2017-08-30 16:24:02,362][DEBUG] [COMMUNICATOR-FTP] Fallo. Reintentando con otro medio.
[2017-08-30 16:24:05,515][INFO] Cerrando el Comunicador...
[2017-08-30 16:24:05,645][WARNING] [TRANSMITTER] Funcion 'run' terminada.
[2017-08-30 16:24:05,646][INFO] [TRANSMITTER] Objeto destruido.
[2017-08-30 16:27:54,624][WARNING] [GSM] Función 'receiveAT' terminada.
[2017-08-30 16:27:54,625][INFO] [GSM] Objeto destruido.
[2017-08-30 16:27:54,627][INFO] [CONTROLLER] Objeto destruido.
[2017-08-30 16:27:54,628][INFO] Comunicador cerrado exitosamente!
[2017-09-01 11:13:13,718][INFO] Abriendo el Comunicador...
[2017-09-01 11:13:13,733][INFO] Comunicador abierto exitosamente!
[2017-09-01 11:13:16,857][INFO] [WIFI] Listo para usarse (wlan0 - 192.168.1.115).
[2017-09-01 11:13:21,075][INFO] [WIFI] Conexion a Internet disponible.
[2017-09-01 11:13:22,226][INFO] [FTP] Servidor disponible (181.28.14.17).
[2017-09-01 11:13:42,730][INFO] [COMMUNICATOR] Mensaje almacenado en la cola esperando ser enviado...
[2017-09-01 11:13:57,994][INFO] Cerrando el Comunicador...
[2017-09-01 11:13:59,359][WARNING] [TRANSMITTER] Funcion 'run' terminada.
[2017-09-01 11:13:59,360][INFO] [TRANSMITTER] Objeto destruido.
[2017-09-01 11:14:00,825][WARNING] [CONTROLLER] Función 'run' terminada.
[2017-09-01 11:14:01,929][WARNING] [WIFI-TCP] Función 'receiveTCP' terminada.
[2017-09-01 11:14:01,930][WARNING] [WIFI-UDP] Función 'receiveUDP' terminada.
[2017-09-01 11:14:01,934][INFO] [WIFI] Objeto destruido.
[2017-09-01 11:14:01,935][INFO] [CONTROLLER] Objeto destruido.
[2017-09-01 11:14:01,936][INFO] Comunicador cerrado exitosamente!
[2017-09-01 11:20:03,525][INFO] Abriendo el Comunicador...
[2017-09-01 11:20:03,533][INFO] Comunicador abierto exitosamente!
[2017-09-01 11:20:03,614][INFO] [WIFI] Listo para usarse (wlan0 - 192.168.1.115).
[2017-09-01 11:20:04,936][INFO] [WIFI] Conexion a Internet disponible.
[2017-09-01 11:20:05,443][INFO] [FTP] Servidor disponible (181.28.14.17).
[2017-09-01 11:20:21,224][WARNING] [COMMUNICATOR] 'client01' no registrado! Mensaje descartado...
[2017-09-01 11:20:28,415][INFO] [WIFI] Se ha perdido la conexion a Internet.
[2017-09-01 11:20:30,574][INFO] [WIFI] Conexion a Internet disponible.
[2017-09-01 11:20:31,638][INFO] [FTP] Servidor disponible (181.28.14.17).
[2017-09-01 11:20:49,725][INFO] [COMMUNICATOR] Mensaje almacenado en la cola esperando ser enviado...
[2017-09-01 11:20:55,190][INFO] Cerrando el Comunicador...
[2017-09-01 11:20:55,859][WARNING] [TRANSMITTER] Funcion 'run' terminada.
[2017-09-01 11:20:55,860][INFO] [TRANSMITTER] Objeto destruido.
[2017-09-01 11:20:57,224][WARNING] [CONTROLLER] Función 'run' terminada.
[2017-09-01 11:20:57,687][WARNING] [WIFI-UDP] Función 'receiveUDP' terminada.
[2017-09-01 11:20:57,688][WARNING] [WIFI-TCP] Función 'receiveTCP' terminada.
[2017-09-01 11:20:57,690][INFO] [WIFI] Objeto destruido.
[2017-09-01 11:20:57,691][INFO] [CONTROLLER] Objeto destruido.
[2017-09-01 11:20:57,692][INFO] Comunicador cerrado exitosamente!
[2017-09-01 11:21:07,107][INFO] Abriendo el Comunicador...
[2017-09-01 11:21:07,118][INFO] Comunicador abierto exitosamente!
[2017-09-01 11:21:07,195][INFO] [WIFI] Listo para usarse (wlan0 - 192.168.1.115).
[2017-09-01 11:21:07,699][INFO] [WIFI] Conexion a Internet disponible.
[2017-09-01 11:21:08,605][INFO] [FTP] Servidor disponible (181.28.14.17).
[2017-09-01 11:21:31,305][INFO] [COMMUNICATOR] Mensaje almacenado en la cola esperando ser enviado...
[2017-09-01 11:21:36,450][INFO] Cerrando el Comunicador...
[2017-09-01 11:21:37,452][WARNING] [TRANSMITTER] Funcion 'run' terminada.
[2017-09-01 11:21:37,454][INFO] [TRANSMITTER] Objeto destruido.
[2017-09-01 11:21:38,276][WARNING] [CONTROLLER] Función 'run' terminada.
[2017-09-01 11:21:38,740][WARNING] [WIFI-UDP] Función 'receiveUDP' terminada.
[2017-09-01 11:21:38,744][WARNING] [WIFI-TCP] Función 'receiveTCP' terminada.
[2017-09-01 11:21:38,746][INFO] [WIFI] Objeto destruido.
[2017-09-01 11:21:38,747][INFO] [CONTROLLER] Objeto destruido.
[2017-09-01 11:21:38,747][INFO] Comunicador cerrado exitosamente!
[2017-09-01 11:21:57,907][INFO] Abriendo el Comunicador...
[2017-09-01 11:21:57,919][INFO] Comunicador abierto exitosamente!
[2017-09-01 11:21:57,997][INFO] [WIFI] Listo para usarse (wlan0 - 192.168.1.115).
[2017-09-01 11:21:58,374][INFO] [WIFI] Conexion a Internet disponible.
[2017-09-01 11:21:59,881][INFO] [FTP] Servidor disponible (181.28.14.17).
[2017-09-01 11:22:12,511][INFO] [COMMUNICATOR] Mensaje almacenado en la cola esperando ser enviado...
[2017-09-01 11:22:28,919][INFO] Cerrando el Comunicador...
[2017-09-01 11:22:29,156][WARNING] [TRANSMITTER] Funcion 'run' terminada.
[2017-09-01 11:22:29,158][INFO] [TRANSMITTER] Objeto destruido.
[2017-09-01 11:22:30,544][WARNING] [CONTROLLER] Función 'run' terminada.
[2017-09-01 11:22:31,048][WARNING] [WIFI-TCP] Función 'receiveTCP' terminada.
[2017-09-01 11:22:31,052][WARNING] [WIFI-UDP] Función 'receiveUDP' terminada.
[2017-09-01 11:22:31,055][INFO] [WIFI] Objeto destruido.
[2017-09-01 11:22:31,056][INFO] [CONTROLLER] Objeto destruido.
[2017-09-01 11:22:31,058][INFO] Comunicador cerrado exitosamente!
[2017-09-01 11:23:24,825][INFO] Abriendo el Comunicador...
[2017-09-01 11:23:24,843][INFO] Comunicador abierto exitosamente!
[2017-09-01 11:23:24,911][INFO] [WIFI] Listo para usarse (wlan0 - 192.168.1.115).
[2017-09-01 11:23:25,131][INFO] [WIFI] Conexion a Internet disponible.
[2017-09-01 11:23:26,536][INFO] [FTP] Servidor disponible (181.28.14.17).
[2017-09-01 11:23:40,643][INFO] [COMMUNICATOR] Mensaje almacenado en la cola esperando ser enviado...
[2017-09-01 11:23:44,301][INFO] [WIFI] Se ha perdido la conexion a Internet.
[2017-09-01 11:23:46,495][INFO] [WIFI] Conexion a Internet disponible.
[2017-09-01 11:23:47,754][INFO] [FTP] Servidor disponible (181.28.14.17).
[2017-09-01 11:23:55,293][INFO] Cerrando el Comunicador...
[2017-09-01 11:23:55,781][WARNING] [TRANSMITTER] Funcion 'run' terminada.
[2017-09-01 11:23:55,782][INFO] [TRANSMITTER] Objeto destruido.
[2017-09-01 11:23:56,495][WARNING] [CONTROLLER] Función 'run' terminada.
[2017-09-01 11:23:57,956][WARNING] [WIFI-TCP] Función 'receiveTCP' terminada.
[2017-09-01 11:23:57,959][WARNING] [WIFI-UDP] Función 'receiveUDP' terminada.
[2017-09-01 11:23:57,961][INFO] [WIFI] Objeto destruido.
[2017-09-01 11:23:57,962][INFO] [CONTROLLER] Objeto destruido.
[2017-09-01 11:23:57,963][INFO] Comunicador cerrado exitosamente!
[2017-09-01 11:44:03,244][INFO] Abriendo el Comunicador...
[2017-09-01 11:44:03,266][INFO] Comunicador abierto exitosamente!
[2017-09-01 11:44:03,342][INFO] [WIFI] Listo para usarse (wlan0 - 192.168.1.115).
[2017-09-01 11:44:03,401][INFO] [WIFI] Conexion a Internet disponible.
[2017-09-01 11:44:04,038][INFO] [FTP] Servidor disponible (181.28.14.17).
[2017-09-01 11:44:17,628][INFO] [COMMUNICATOR] Mensaje almacenado en la cola esperando ser enviado...
[2017-09-01 11:44:21,886][INFO] Cerrando el Comunicador...
[2017-09-01 11:44:22,265][WARNING] [TRANSMITTER] Funcion 'run' terminada.
[2017-09-01 11:44:22,266][INFO] [TRANSMITTER] Objeto destruido.
[2017-09-01 11:44:23,657][WARNING] [CONTROLLER] Función 'run' terminada.
[2017-09-01 11:44:24,377][WARNING] [WIFI-UDP] Función 'receiveUDP' terminada.
[2017-09-01 11:44:24,381][WARNING] [WIFI-TCP] Función 'receiveTCP' terminada.
[2017-09-01 11:44:24,384][INFO] [WIFI] Objeto destruido.
[2017-09-01 11:44:24,385][INFO] [CONTROLLER] Objeto destruido.
[2017-09-01 11:44:24,386][INFO] Comunicador cerrado exitosamente!
[2017-09-01 11:44:30,844][INFO] Abriendo el Comunicador...
[2017-09-01 11:44:30,857][INFO] Comunicador abierto exitosamente!
[2017-09-01 11:44:30,923][INFO] [WIFI] Listo para usarse (wlan0 - 192.168.1.115).
[2017-09-01 11:44:30,954][INFO] [WIFI] Conexion a Internet disponible.
[2017-09-01 11:44:31,592][INFO] [FTP] Servidor disponible (181.28.14.17).
[2017-09-01 11:44:44,244][INFO] [COMMUNICATOR] Mensaje almacenado en la cola esperando ser enviado...
[2017-09-01 11:47:41,062][INFO] Cerrando el Comunicador...
[2017-09-01 11:47:41,462][WARNING] [TRANSMITTER] Funcion 'run' terminada.
[2017-09-01 11:47:41,464][INFO] [TRANSMITTER] Objeto destruido.
[2017-09-01 11:47:42,798][WARNING] [CONTROLLER] Función 'run' terminada.
[2017-09-01 11:47:43,160][WARNING] [WIFI-UDP] Función 'receiveUDP' terminada.
[2017-09-01 11:47:43,163][WARNING] [WIFI-TCP] Función 'receiveTCP' terminada.
[2017-09-01 11:47:43,166][INFO] [WIFI] Objeto destruido.
[2017-09-01 11:47:43,167][INFO] [CONTROLLER] Objeto destruido.
[2017-09-01 11:47:43,168][INFO] Comunicador cerrado exitosamente!
[2017-09-01 12:02:46,695][INFO] Abriendo el Comunicador...
[2017-09-01 12:02:46,707][INFO] Comunicador abierto exitosamente!
[2017-09-01 12:02:46,779][INFO] [WIFI] Listo para usarse (wlan0 - 192.168.1.115).
[2017-09-01 12:02:48,198][INFO] [WIFI] Conexion a Internet disponible.
[2017-09-01 12:02:48,755][INFO] [FTP] Servidor disponible (181.28.14.17).
[2017-09-01 12:03:03,049][INFO] Cerrando el Comunicador...
[2017-09-01 12:03:03,307][WARNING] [TRANSMITTER] Funcion 'run' terminada.
[2017-09-01 12:03:03,308][INFO] [TRANSMITTER] Objeto destruido.
[2017-09-01 12:03:05,577][WARNING] [CONTROLLER] Función 'run' terminada.
[2017-09-01 12:03:06,315][WARNING] [WIFI-TCP] Función 'receiveTCP' terminada.
[2017-09-01 12:03:06,317][WARNING] [WIFI-UDP] Función 'receiveUDP' terminada.
[2017-09-01 12:03:06,320][INFO] [WIFI] Objeto destruido.
[2017-09-01 12:03:06,321][INFO] [CONTROLLER] Objeto destruido.
[2017-09-01 12:03:06,323][INFO] Comunicador cerrado exitosamente!
[2017-09-01 12:03:09,229][INFO] Abriendo el Comunicador...
[2017-09-01 12:03:09,241][INFO] Comunicador abierto exitosamente!
[2017-09-01 12:03:09,315][INFO] [WIFI] Listo para usarse (wlan0 - 192.168.1.115).
[2017-09-01 12:03:12,009][INFO] [WIFI] Conexion a Internet disponible.
[2017-09-01 12:03:12,924][INFO] [FTP] Servidor disponible (181.28.14.17).
[2017-09-01 12:03:25,084][INFO] [COMMUNICATOR] Mensaje almacenado en la cola esperando ser enviado...
[2017-09-01 12:03:40,031][INFO] [WIFI] Se ha perdido la conexion a Internet.
[2017-09-01 12:03:42,201][INFO] [WIFI] Conexion a Internet disponible.
[2017-09-01 12:03:43,952][INFO] [FTP] Servidor disponible (181.28.14.17).
[2017-09-01 12:04:22,349][INFO] Cerrando el Comunicador...
[2017-09-01 12:04:23,746][WARNING] [TRANSMITTER] Funcion 'run' terminada.
[2017-09-01 12:04:23,749][INFO] [TRANSMITTER] Objeto destruido.
[2017-09-01 12:04:24,317][WARNING] [CONTROLLER] Función 'run' terminada.
[2017-09-01 12:04:24,414][WARNING] [WIFI-TCP] Función 'receiveTCP' terminada.
[2017-09-01 12:04:24,417][WARNING] [WIFI-UDP] Función 'receiveUDP' terminada.
[2017-09-01 12:04:24,419][INFO] [WIFI] Objeto destruido.
[2017-09-01 12:04:24,420][INFO] [CONTROLLER] Objeto destruido.
[2017-09-01 12:04:24,421][INFO] Comunicador cerrado exitosamente!
[2017-09-01 12:11:10,856][INFO] Abriendo el Comunicador...
[2017-09-01 12:11:10,864][INFO] Comunicador abierto exitosamente!
[2017-09-01 12:11:10,934][INFO] [WIFI] Listo para usarse (wlan0 - 192.168.1.115).
[2017-09-01 12:11:11,527][INFO] [WIFI] Conexion a Internet disponible.
[2017-09-01 12:11:13,419][INFO] [FTP] Servidor disponible (181.28.14.17).
[2017-09-01 12:11:32,207][INFO] [COMMUNICATOR] Mensaje almacenado en la cola esperando ser enviado...
[2017-09-01 12:12:45,825][INFO] [WIFI] Se ha perdido la conexion a Internet.
[2017-09-01 12:12:48,905][INFO] [WIFI] Conexion a Internet disponible.
[2017-09-01 12:12:54,832][INFO] [FTP] Servidor disponible (181.28.14.17).
[2017-09-01 12:13:25,741][INFO] [WIFI] Se ha perdido la conexion a Internet.
[2017-09-01 12:13:27,902][INFO] [WIFI] Conexion a Internet disponible.
[2017-09-01 12:13:30,765][INFO] [FTP] Servidor disponible (181.28.14.17).
[2017-09-01 12:13:38,897][INFO] [WIFI] Se ha perdido la conexion a Internet.
[2017-09-01 12:13:41,720][INFO] [WIFI] Conexion a Internet disponible.
[2017-09-01 12:13:44,043][INFO] [FTP] Servidor disponible (181.28.14.17).
[2017-09-01 12:15:30,176][INFO] [WIFI] Se ha perdido la conexion a Internet.
[2017-09-01 12:15:33,378][INFO] [WIFI] Conexion a Internet disponible.
[2017-09-01 12:15:34,400][INFO] Cerrando el Comunicador...
[2017-09-01 12:15:34,918][INFO] [FTP] Servidor disponible (181.28.14.17).
[2017-09-01 12:15:35,396][WARNING] [TRANSMITTER] Funcion 'run' terminada.
[2017-09-01 12:15:35,398][INFO] [TRANSMITTER] Objeto destruido.
[2017-09-01 12:15:36,925][WARNING] [CONTROLLER] Función 'run' terminada.
[2017-09-01 12:15:38,259][WARNING] [WIFI-TCP] Función 'receiveTCP' terminada.
[2017-09-01 12:15:38,263][WARNING] [WIFI-UDP] Función 'receiveUDP' terminada.
[2017-09-01 12:15:38,267][INFO] [WIFI] Objeto destruido.
[2017-09-01 12:15:38,268][INFO] [CONTROLLER] Objeto destruido.
[2017-09-01 12:15:38,269][INFO] Comunicador cerrado exitosamente!
[2017-09-01 12:21:46,939][INFO] Abriendo el Comunicador...
[2017-09-01 12:21:46,952][INFO] Comunicador abierto exitosamente!
[2017-09-01 12:21:47,023][INFO] [WIFI] Listo para usarse (wlan0 - 192.168.1.115).
[2017-09-01 12:21:48,260][INFO] [WIFI] Conexion a Internet disponible.
[2017-09-01 12:21:50,203][INFO] [FTP] Servidor disponible (181.28.14.17).
[2017-09-01 12:22:09,607][INFO] [COMMUNICATOR] Mensaje almacenado en la cola esperando ser enviado...
[2017-09-01 12:22:42,751][INFO] Cerrando el Comunicador...
[2017-09-01 12:22:44,219][WARNING] [TRANSMITTER] Funcion 'run' terminada.
[2017-09-01 12:22:44,221][INFO] [TRANSMITTER] Objeto destruido.
[2017-09-01 12:22:45,855][WARNING] [CONTROLLER] Función 'run' terminada.
[2017-09-01 12:22:47,104][WARNING] [WIFI-TCP] Función 'receiveTCP' terminada.
[2017-09-01 12:22:47,109][WARNING] [WIFI-UDP] Función 'receiveUDP' terminada.
[2017-09-01 12:22:47,111][INFO] [WIFI] Objeto destruido.
[2017-09-01 12:22:47,113][INFO] [CONTROLLER] Objeto destruido.
[2017-09-01 12:22:47,114][INFO] Comunicador cerrado exitosamente!
[2017-09-01 12:22:58,041][INFO] Abriendo el Comunicador...
[2017-09-01 12:22:58,060][INFO] Comunicador abierto exitosamente!
[2017-09-01 12:22:58,129][INFO] [WIFI] Listo para usarse (wlan0 - 192.168.1.115).
[2017-09-01 12:23:00,337][INFO] [WIFI] Conexion a Internet disponible.
[2017-09-01 12:23:01,345][INFO] [FTP] Servidor disponible (181.28.14.17).
[2017-09-01 12:23:29,225][INFO] [COMMUNICATOR] Mensaje almacenado en la cola esperando ser enviado...
[2017-09-01 12:24:47,382][INFO] [WIFI] Se ha perdido la conexion a Internet.
[2017-09-01 12:25:08,974][INFO] [WIFI] Conexion a Internet disponible.
[2017-09-01 12:25:10,098][INFO] [FTP] Servidor disponible (181.28.14.17).
[2017-09-01 12:25:15,595][INFO] [WIFI] Se ha perdido la conexion a Internet.
[2017-09-01 12:25:28,836][INFO] [WIFI] Conexion a Internet disponible.
[2017-09-01 12:25:30,408][INFO] [FTP] Servidor disponible (181.28.14.17).
[2017-09-01 12:25:41,554][INFO] [WIFI] Se ha perdido la conexion a Internet.
[2017-09-01 12:25:50,136][INFO] [WIFI] Conexion a Internet disponible.
[2017-09-01 12:25:53,045][INFO] [FTP] Servidor disponible (181.28.14.17).
[2017-09-01 12:27:29,568][INFO] [WIFI] Se ha perdido la conexion a Internet.
[2017-09-01 12:27:33,774][INFO] [WIFI] Conexion a Internet disponible.
[2017-09-01 12:27:34,976][INFO] [FTP] Servidor disponible (181.28.14.17).
[2017-09-01 12:27:49,789][INFO] Cerrando el Comunicador...
[2017-09-01 12:27:50,441][WARNING] [TRANSMITTER] Funcion 'run' terminada.
[2017-09-01 12:27:50,443][INFO] [TRANSMITTER] Objeto destruido.
[2017-09-01 12:27:52,089][WARNING] [CONTROLLER] Función 'run' terminada.
[2017-09-01 12:27:52,477][WARNING] [WIFI-UDP] Función 'receiveUDP' terminada.
[2017-09-01 12:27:52,478][WARNING] [WIFI-TCP] Función 'receiveTCP' terminada.
[2017-09-01 12:27:52,480][INFO] [WIFI] Objeto destruido.
[2017-09-01 12:27:52,481][INFO] [CONTROLLER] Objeto destruido.
[2017-09-01 12:27:52,482][INFO] Comunicador cerrado exitosamente!
[2017-09-01 12:29:27,764][INFO] Abriendo el Comunicador...
[2017-09-01 12:29:27,776][INFO] Comunicador abierto exitosamente!
[2017-09-01 12:29:27,845][INFO] [WIFI] Listo para usarse (wlan0 - 192.168.1.115).
[2017-09-01 12:29:28,040][INFO] [WIFI] Conexion a Internet disponible.
[2017-09-01 12:29:29,991][INFO] [FTP] Servidor disponible (181.28.14.17).
[2017-09-01 12:29:34,201][INFO] [WIFI] Se ha perdido la conexion a Internet.
[2017-09-01 12:29:42,476][INFO] [WIFI] Conexion a Internet disponible.
[2017-09-01 12:29:54,215][INFO] [FTP] Servidor disponible (181.28.14.17).
[2017-09-01 12:30:04,576][INFO] [COMMUNICATOR] Mensaje almacenado en la cola esperando ser enviado...
[2017-09-01 12:30:10,575][INFO] [FTP] Mensaje subido al servidor.
[2017-09-01 12:32:30,153][INFO] [WIFI] Se ha perdido la conexion a Internet.
[2017-09-01 12:32:34,003][INFO] [WIFI] Conexion a Internet disponible.
[2017-09-01 12:32:37,790][INFO] [FTP] Servidor disponible (181.28.14.17).
[2017-09-01 12:34:57,497][INFO] Cerrando el Comunicador...
[2017-09-01 12:34:58,780][WARNING] [TRANSMITTER] Funcion 'run' terminada.
[2017-09-01 12:34:58,781][INFO] [TRANSMITTER] Objeto destruido.
[2017-09-01 12:34:59,614][WARNING] [CONTROLLER] Función 'run' terminada.
[2017-09-01 12:34:59,740][WARNING] [WIFI-UDP] Función 'receiveUDP' terminada.
[2017-09-01 12:34:59,743][WARNING] [WIFI-TCP] Función 'receiveTCP' terminada.
[2017-09-01 12:34:59,745][INFO] [WIFI] Objeto destruido.
[2017-09-01 12:34:59,746][INFO] [CONTROLLER] Objeto destruido.
[2017-09-01 12:34:59,747][INFO] Comunicador cerrado exitosamente!
[2017-09-01 12:40:39,096][INFO] Abriendo el Comunicador...
[2017-09-01 12:40:39,108][INFO] Comunicador abierto exitosamente!
[2017-09-01 12:40:39,185][INFO] [WIFI] Listo para usarse (wlan0 - 192.168.1.115).
[2017-09-01 12:40:41,360][INFO] [WIFI] Conexion a Internet disponible.
[2017-09-01 12:40:42,553][INFO] [FTP] Servidor disponible (181.28.14.17).
[2017-09-01 12:40:51,959][INFO] [COMMUNICATOR] Mensaje almacenado en la cola esperando ser enviado...
[2017-09-01 12:40:53,702][INFO] [FTP] Mensaje subido al servidor.
[2017-09-01 12:41:00,139][INFO] Cerrando el Comunicador...
[2017-09-01 12:41:01,091][WARNING] [TRANSMITTER] Funcion 'run' terminada.
[2017-09-01 12:41:01,092][INFO] [TRANSMITTER] Objeto destruido.
[2017-09-01 12:41:01,845][WARNING] [CONTROLLER] Función 'run' terminada.
[2017-09-01 12:41:03,227][WARNING] [WIFI-UDP] Función 'receiveUDP' terminada.
[2017-09-01 12:41:03,230][WARNING] [WIFI-TCP] Función 'receiveTCP' terminada.
[2017-09-01 12:41:03,233][INFO] [WIFI] Objeto destruido.
[2017-09-01 12:41:03,234][INFO] [CONTROLLER] Objeto destruido.
[2017-09-01 12:41:03,234][INFO] Comunicador cerrado exitosamente!
[2017-09-01 12:44:06,297][INFO] Abriendo el Comunicador...
[2017-09-01 12:44:06,310][INFO] Comunicador abierto exitosamente!
[2017-09-01 12:44:06,377][INFO] [WIFI] Listo para usarse (wlan0 - 192.168.1.115).
[2017-09-01 12:44:13,648][INFO] [WIFI] Conexion a Internet disponible.
[2017-09-01 12:44:14,166][INFO] [FTP] Servidor disponible (181.28.14.17).
[2017-09-01 12:44:42,991][INFO] [COMMUNICATOR] Mensaje almacenado en la cola esperando ser enviado...
[2017-09-01 12:44:44,650][DEBUG] [COMMUNICATOR-FTP] Fallo. Reintentando con otro medio.
[2017-09-01 12:44:44,652][WARNING] [COMMUNICATOR] No hay módulos para el envío a 'client04'...
[2017-09-01 12:44:47,498][INFO] Cerrando el Comunicador...
[2017-09-01 12:44:49,100][WARNING] [TRANSMITTER] Funcion 'run' terminada.
[2017-09-01 12:44:49,102][INFO] [TRANSMITTER] Objeto destruido.
[2017-09-01 12:44:49,162][WARNING] [CONTROLLER] Función 'run' terminada.
[2017-09-01 12:44:49,939][WARNING] [WIFI-UDP] Función 'receiveUDP' terminada.
[2017-09-01 12:44:49,942][WARNING] [WIFI-TCP] Función 'receiveTCP' terminada.
[2017-09-01 12:44:49,944][INFO] [WIFI] Objeto destruido.
[2017-09-01 12:44:49,945][INFO] [CONTROLLER] Objeto destruido.
[2017-09-01 12:44:49,946][INFO] Comunicador cerrado exitosamente!
[2017-09-01 12:49:09,323][INFO] Abriendo el Comunicador...
[2017-09-01 12:49:09,336][INFO] Comunicador abierto exitosamente!
[2017-09-01 12:49:09,404][INFO] [WIFI] Listo para usarse (wlan0 - 192.168.1.115).
[2017-09-01 12:49:10,162][INFO] [WIFI] Conexion a Internet disponible.
[2017-09-01 12:49:11,393][INFO] [FTP] Servidor disponible (181.28.14.17).
[2017-09-01 12:49:28,316][INFO] [COMMUNICATOR] Mensaje almacenado en la cola esperando ser enviado...
[2017-09-01 12:49:30,854][INFO] Cerrando el Comunicador...
[2017-09-01 12:49:31,468][WARNING] [TRANSMITTER] Funcion 'run' terminada.
[2017-09-01 12:49:31,469][INFO] [TRANSMITTER] Objeto destruido.
[2017-09-01 12:49:33,131][WARNING] [CONTROLLER] Función 'run' terminada.
[2017-09-01 12:49:33,440][WARNING] [WIFI-UDP] Función 'receiveUDP' terminada.
[2017-09-01 12:49:33,444][WARNING] [WIFI-TCP] Función 'receiveTCP' terminada.
[2017-09-01 12:49:33,446][INFO] [WIFI] Objeto destruido.
[2017-09-01 12:49:33,448][INFO] [CONTROLLER] Objeto destruido.
[2017-09-01 12:49:33,449][INFO] Comunicador cerrado exitosamente!
[2017-09-01 12:49:47,416][INFO] Abriendo el Comunicador...
[2017-09-01 12:49:47,428][INFO] Comunicador abierto exitosamente!
[2017-09-01 12:49:47,497][INFO] [WIFI] Listo para usarse (wlan0 - 192.168.1.115).
[2017-09-01 12:49:47,526][INFO] [WIFI] Conexion a Internet disponible.
[2017-09-01 12:49:49,148][INFO] [FTP] Servidor disponible (181.28.14.17).
[2017-09-01 12:50:09,700][INFO] [COMMUNICATOR] Mensaje almacenado en la cola esperando ser enviado...
[2017-09-01 12:50:10,905][DEBUG] [COMMUNICATOR-FTP] Fallo. Reintentando con otro medio.
[2017-09-01 12:50:10,906][WARNING] [COMMUNICATOR] No hay módulos para el envío a 'client04'...
[2017-09-01 12:50:16,679][INFO] Cerrando el Comunicador...
[2017-09-01 12:50:17,365][WARNING] [TRANSMITTER] Funcion 'run' terminada.
[2017-09-01 12:50:17,367][INFO] [TRANSMITTER] Objeto destruido.
[2017-09-01 12:50:18,459][WARNING] [CONTROLLER] Función 'run' terminada.
[2017-09-01 12:50:19,039][WARNING] [WIFI-UDP] Función 'receiveUDP' terminada.
[2017-09-01 12:50:19,042][WARNING] [WIFI-TCP] Función 'receiveTCP' terminada.
[2017-09-01 12:50:19,045][INFO] [WIFI] Objeto destruido.
[2017-09-01 12:50:19,046][INFO] [CONTROLLER] Objeto destruido.
[2017-09-01 12:50:19,046][INFO] Comunicador cerrado exitosamente!
[2017-09-01 13:04:19,819][INFO] Abriendo el Comunicador...
[2017-09-01 13:04:19,831][INFO] Comunicador abierto exitosamente!
[2017-09-01 13:04:19,902][INFO] [WIFI] Listo para usarse (wlan0 - 192.168.1.115).
[2017-09-01 13:04:21,000][INFO] [WIFI] Conexion a Internet disponible.
[2017-09-01 13:04:21,414][INFO] [FTP] Servidor disponible (181.28.14.17).
[2017-09-01 13:04:42,048][INFO] [COMMUNICATOR] Mensaje almacenado en la cola esperando ser enviado...
[2017-09-01 13:04:43,018][DEBUG] [COMMUNICATOR-FTP] Fallo. Reintentando con otro medio.
[2017-09-01 13:04:43,019][WARNING] [COMMUNICATOR] No hay módulos para el envío a 'client04'...
[2017-09-01 13:04:48,971][INFO] Cerrando el Comunicador...
[2017-09-01 13:04:49,672][WARNING] [TRANSMITTER] Funcion 'run' terminada.
[2017-09-01 13:04:49,674][INFO] [TRANSMITTER] Objeto destruido.
[2017-09-01 13:04:51,300][WARNING] [CONTROLLER] Función 'run' terminada.
[2017-09-01 13:04:51,450][WARNING] [WIFI-TCP] Función 'receiveTCP' terminada.
[2017-09-01 13:04:51,455][WARNING] [WIFI-UDP] Función 'receiveUDP' terminada.
[2017-09-01 13:04:51,457][INFO] [WIFI] Objeto destruido.
[2017-09-01 13:04:51,459][INFO] [CONTROLLER] Objeto destruido.
[2017-09-01 13:04:51,459][INFO] Comunicador cerrado exitosamente!
[2017-09-01 13:05:17,664][INFO] Abriendo el Comunicador...
[2017-09-01 13:05:17,676][INFO] Comunicador abierto exitosamente!
[2017-09-01 13:05:17,742][INFO] [WIFI] Listo para usarse (wlan0 - 192.168.1.115).
[2017-09-01 13:05:19,867][INFO] [WIFI] Conexion a Internet disponible.
[2017-09-01 13:05:21,111][INFO] [FTP] Servidor disponible (181.28.14.17).
[2017-09-01 13:05:43,611][INFO] [COMMUNICATOR] Mensaje almacenado en la cola esperando ser enviado...
[2017-09-01 13:05:44,539][DEBUG] [COMMUNICATOR-FTP] Fallo. Reintentando con otro medio.
[2017-09-01 13:05:44,541][WARNING] [COMMUNICATOR] No hay módulos para el envío a 'client04'...
[2017-09-01 13:05:46,983][INFO] Cerrando el Comunicador...
[2017-09-01 13:05:48,229][WARNING] [TRANSMITTER] Funcion 'run' terminada.
[2017-09-01 13:05:48,231][INFO] [TRANSMITTER] Objeto destruido.
[2017-09-01 13:05:49,291][WARNING] [CONTROLLER] Función 'run' terminada.
[2017-09-01 13:05:50,797][WARNING] [WIFI-UDP] Función 'receiveUDP' terminada.
[2017-09-01 13:05:50,800][WARNING] [WIFI-TCP] Función 'receiveTCP' terminada.
[2017-09-01 13:05:50,803][INFO] [WIFI] Objeto destruido.
[2017-09-01 13:05:50,804][INFO] [CONTROLLER] Objeto destruido.
[2017-09-01 13:05:50,805][INFO] Comunicador cerrado exitosamente!
[2017-09-01 13:06:06,468][INFO] Abriendo el Comunicador...
[2017-09-01 13:06:06,487][INFO] Comunicador abierto exitosamente!
[2017-09-01 13:06:06,560][INFO] [WIFI] Listo para usarse (wlan0 - 192.168.1.115).
[2017-09-01 13:06:06,620][INFO] [WIFI] Conexion a Internet disponible.
[2017-09-01 13:06:07,050][INFO] [FTP] Servidor disponible (181.28.14.17).
[2017-09-01 13:06:27,031][INFO] [COMMUNICATOR] Mensaje almacenado en la cola esperando ser enviado...
[2017-09-01 13:06:28,115][DEBUG] [COMMUNICATOR-FTP] Fallo. Reintentando con otro medio.
[2017-09-01 13:06:28,117][WARNING] [COMMUNICATOR] No hay módulos para el envío a 'client04'...
[2017-09-01 13:06:32,160][INFO] Cerrando el Comunicador...
[2017-09-01 13:06:33,182][WARNING] [TRANSMITTER] Funcion 'run' terminada.
[2017-09-01 13:06:33,184][INFO] [TRANSMITTER] Objeto destruido.
[2017-09-01 13:06:35,068][WARNING] [CONTROLLER] Función 'run' terminada.
[2017-09-01 13:06:35,104][WARNING] [WIFI-TCP] Función 'receiveTCP' terminada.
[2017-09-01 13:06:35,109][WARNING] [WIFI-UDP] Función 'receiveUDP' terminada.
[2017-09-01 13:06:35,111][INFO] [WIFI] Objeto destruido.
[2017-09-01 13:06:35,113][INFO] [CONTROLLER] Objeto destruido.
[2017-09-01 13:06:35,114][INFO] Comunicador cerrado exitosamente!
[2017-09-01 13:17:44,998][INFO] Abriendo el Comunicador...
[2017-09-01 13:17:45,011][INFO] Comunicador abierto exitosamente!
[2017-09-01 13:17:45,078][INFO] [WIFI] Listo para usarse (wlan0 - 192.168.1.115).
[2017-09-01 13:17:45,173][INFO] [WIFI] Conexion a Internet disponible.
[2017-09-01 13:17:45,600][INFO] [FTP] Servidor disponible (181.28.14.17).
[2017-09-01 13:18:20,963][INFO] [COMMUNICATOR] Mensaje almacenado en la cola esperando ser enviado...
[2017-09-01 13:18:22,124][DEBUG] [COMMUNICATOR-FTP] Fallo. Reintentando con otro medio.
[2017-09-01 13:18:22,126][WARNING] [COMMUNICATOR] No hay módulos para el envío a 'client04'...
[2017-09-01 13:18:33,703][INFO] Cerrando el Comunicador...
[2017-09-01 13:18:34,576][WARNING] [TRANSMITTER] Funcion 'run' terminada.
[2017-09-01 13:18:34,578][INFO] [TRANSMITTER] Objeto destruido.
[2017-09-01 13:18:35,736][WARNING] [CONTROLLER] Función 'run' terminada.
[2017-09-01 13:18:36,149][WARNING] [WIFI-TCP] Función 'receiveTCP' terminada.
[2017-09-01 13:18:36,153][WARNING] [WIFI-UDP] Función 'receiveUDP' terminada.
[2017-09-01 13:18:36,155][INFO] [WIFI] Objeto destruido.
[2017-09-01 13:18:36,156][INFO] [CONTROLLER] Objeto destruido.
[2017-09-01 13:18:36,157][INFO] Comunicador cerrado exitosamente!
[2017-09-01 13:23:00,328][INFO] Abriendo el Comunicador...
[2017-09-01 13:23:00,340][INFO] Comunicador abierto exitosamente!
[2017-09-01 13:23:00,429][INFO] [WIFI] Listo para usarse (wlan0 - 192.168.1.115).
[2017-09-01 13:23:00,520][INFO] [WIFI] Conexion a Internet disponible.
[2017-09-01 13:23:01,388][INFO] [FTP] Servidor disponible (181.28.14.17).
[2017-09-01 13:23:25,460][INFO] [COMMUNICATOR] Mensaje almacenado en la cola esperando ser enviado...
[2017-09-01 13:23:26,340][DEBUG] [COMMUNICATOR-FTP] Fallo. Reintentando con otro medio.
[2017-09-01 13:23:26,341][WARNING] [COMMUNICATOR] No hay módulos para el envío a 'client04'...
[2017-09-01 13:23:31,585][INFO] [WIFI] Se ha perdido la conexion a Internet.
[2017-09-01 13:23:33,740][INFO] [WIFI] Conexion a Internet disponible.
[2017-09-01 13:23:34,749][INFO] [FTP] Servidor disponible (181.28.14.17).
[2017-09-01 13:23:42,702][DEBUG] [COMMUNICATOR-FTP] Fallo. Reintentando con otro medio.
[2017-09-01 13:23:42,704][WARNING] [COMMUNICATOR] No hay módulos para el envío a 'client04'...
[2017-09-01 13:23:58,852][DEBUG] [COMMUNICATOR-FTP] Fallo. Reintentando con otro medio.
[2017-09-01 13:23:58,854][WARNING] [COMMUNICATOR] No hay módulos para el envío a 'client04'...
[2017-09-01 13:24:18,550][DEBUG] [COMMUNICATOR-FTP] Fallo. Reintentando con otro medio.
[2017-09-01 13:24:18,552][WARNING] [COMMUNICATOR] No hay módulos para el envío a 'client04'...
[2017-09-01 13:24:36,282][DEBUG] [COMMUNICATOR-FTP] Fallo. Reintentando con otro medio.
[2017-09-01 13:24:36,284][WARNING] [COMMUNICATOR] No hay módulos para el envío a 'client04'...
[2017-09-01 13:24:52,601][DEBUG] [COMMUNICATOR-FTP] Fallo. Reintentando con otro medio.
[2017-09-01 13:24:52,603][WARNING] [COMMUNICATOR] No hay módulos para el envío a 'client04'...
[2017-09-01 13:25:08,920][DEBUG] [COMMUNICATOR-FTP] Fallo. Reintentando con otro medio.
[2017-09-01 13:25:08,929][WARNING] [COMMUNICATOR] No hay módulos para el envío a 'client04'...
[2017-09-01 13:25:25,789][DEBUG] [COMMUNICATOR-FTP] Fallo. Reintentando con otro medio.
[2017-09-01 13:25:25,791][WARNING] [COMMUNICATOR] No hay módulos para el envío a 'client04'...
[2017-09-01 13:25:42,327][DEBUG] [COMMUNICATOR-FTP] Fallo. Reintentando con otro medio.
[2017-09-01 13:25:42,329][WARNING] [COMMUNICATOR] No hay módulos para el envío a 'client04'...
[2017-09-01 13:25:58,421][DEBUG] [COMMUNICATOR-FTP] Fallo. Reintentando con otro medio.
[2017-09-01 13:25:58,423][WARNING] [COMMUNICATOR] No hay módulos para el envío a 'client04'...
[2017-09-01 13:26:14,605][DEBUG] [COMMUNICATOR-FTP] Fallo. Reintentando con otro medio.
[2017-09-01 13:26:14,608][WARNING] [COMMUNICATOR] No hay módulos para el envío a 'client04'...
[2017-09-01 13:26:30,624][DEBUG] [COMMUNICATOR-FTP] Fallo. Reintentando con otro medio.
[2017-09-01 13:26:30,626][WARNING] [COMMUNICATOR] No hay módulos para el envío a 'client04'...
[2017-09-01 13:26:46,741][DEBUG] [COMMUNICATOR-FTP] Fallo. Reintentando con otro medio.
[2017-09-01 13:26:46,743][WARNING] [COMMUNICATOR] No hay módulos para el envío a 'client04'...
[2017-09-01 13:27:12,155][DEBUG] [COMMUNICATOR-FTP] Fallo. Reintentando con otro medio.
[2017-09-01 13:27:12,159][WARNING] [COMMUNICATOR] No hay módulos para el envío a 'client04'...
[2017-09-01 13:27:29,657][DEBUG] [COMMUNICATOR-FTP] Fallo. Reintentando con otro medio.
[2017-09-01 13:27:29,659][WARNING] [COMMUNICATOR] No hay módulos para el envío a 'client04'...
[2017-09-01 13:27:43,777][INFO] [COMMUNICATOR] Mensaje almacenado en la cola esperando ser enviado...
[2017-09-01 13:27:45,767][DEBUG] [COMMUNICATOR-FTP] Fallo. Reintentando con otro medio.
[2017-09-01 13:27:45,770][WARNING] [COMMUNICATOR] No hay módulos para el envío a 'client04'...
[2017-09-01 13:27:46,408][DEBUG] [COMMUNICATOR-FTP] Fallo. Reintentando con otro medio.
[2017-09-01 13:27:46,410][WARNING] [COMMUNICATOR] No hay módulos para el envío a 'client04'...
[2017-09-01 13:27:51,635][INFO] Cerrando el Comunicador...
[2017-09-01 13:27:52,295][WARNING] [TRANSMITTER] Funcion 'run' terminada.
[2017-09-01 13:27:52,298][INFO] [TRANSMITTER] Objeto destruido.
[2017-09-01 13:27:53,732][WARNING] [CONTROLLER] Función 'run' terminada.
[2017-09-01 13:27:54,775][WARNING] [WIFI-UDP] Función 'receiveUDP' terminada.
[2017-09-01 13:27:54,779][WARNING] [WIFI-TCP] Función 'receiveTCP' terminada.
[2017-09-01 13:27:54,781][INFO] [WIFI] Objeto destruido.
[2017-09-01 13:27:54,782][INFO] [CONTROLLER] Objeto destruido.
[2017-09-01 13:27:54,782][INFO] Comunicador cerrado exitosamente!
[2017-09-01 13:42:31,518][INFO] Abriendo el Comunicador...
[2017-09-01 13:42:31,530][INFO] Comunicador abierto exitosamente!
[2017-09-01 13:42:31,599][INFO] [WIFI] Listo para usarse (wlan0 - 192.168.1.115).
[2017-09-01 13:42:31,724][INFO] [WIFI] Conexion a Internet disponible.
[2017-09-01 13:42:33,029][INFO] [FTP] Servidor disponible (181.28.14.17).
[2017-09-01 13:42:53,634][INFO] [COMMUNICATOR] Mensaje almacenado en la cola esperando ser enviado...
[2017-09-01 13:42:54,851][DEBUG] [COMMUNICATOR-FTP] Fallo. Reintentando con otro medio.
[2017-09-01 13:42:54,853][WARNING] [COMMUNICATOR] No hay módulos para el envío a 'client04'...
[2017-09-01 13:43:12,008][DEBUG] [COMMUNICATOR-FTP] Fallo. Reintentando con otro medio.
[2017-09-01 13:43:12,009][WARNING] [COMMUNICATOR] No hay módulos para el envío a 'client04'...
[2017-09-01 13:43:15,628][INFO] Cerrando el Comunicador...
[2017-09-01 13:43:15,988][WARNING] [TRANSMITTER] Funcion 'run' terminada.
[2017-09-01 13:43:15,990][INFO] [TRANSMITTER] Objeto destruido.
[2017-09-01 13:43:16,896][WARNING] [CONTROLLER] Función 'run' terminada.
[2017-09-01 13:43:18,161][WARNING] [WIFI-TCP] Función 'receiveTCP' terminada.
[2017-09-01 13:43:18,166][WARNING] [WIFI-UDP] Función 'receiveUDP' terminada.
[2017-09-01 13:43:18,170][INFO] [WIFI] Objeto destruido.
[2017-09-01 13:43:18,171][INFO] [CONTROLLER] Objeto destruido.
[2017-09-01 13:43:18,172][INFO] Comunicador cerrado exitosamente!
[2017-09-01 13:43:52,066][INFO] Abriendo el Comunicador...
[2017-09-01 13:43:52,078][INFO] Comunicador abierto exitosamente!
[2017-09-01 13:43:52,152][INFO] [WIFI] Listo para usarse (wlan0 - 192.168.1.115).
[2017-09-01 13:43:52,238][INFO] [WIFI] Conexion a Internet disponible.
[2017-09-01 13:43:53,379][INFO] [FTP] Servidor disponible (181.28.14.17).
[2017-09-01 13:44:09,452][INFO] [COMMUNICATOR] Mensaje almacenado en la cola esperando ser enviado...
[2017-09-01 13:44:21,525][DEBUG] [COMMUNICATOR-FTP] Fallo. Reintentando con otro medio.
[2017-09-01 13:44:21,527][WARNING] [COMMUNICATOR] No hay módulos para el envío a 'client04'...
[2017-09-01 13:44:37,631][DEBUG] [COMMUNICATOR-FTP] Fallo. Reintentando con otro medio.
[2017-09-01 13:44:37,632][WARNING] [COMMUNICATOR] No hay módulos para el envío a 'client04'...
[2017-09-01 13:44:54,818][DEBUG] [COMMUNICATOR-FTP] Fallo. Reintentando con otro medio.
[2017-09-01 13:44:54,819][WARNING] [COMMUNICATOR] No hay módulos para el envío a 'client04'...
[2017-09-01 13:45:12,170][DEBUG] [COMMUNICATOR-FTP] Fallo. Reintentando con otro medio.
[2017-09-01 13:45:12,171][WARNING] [COMMUNICATOR] No hay módulos para el envío a 'client04'...
[2017-09-01 13:45:30,249][DEBUG] [COMMUNICATOR-FTP] Fallo. Reintentando con otro medio.
[2017-09-01 13:45:30,250][WARNING] [COMMUNICATOR] No hay módulos para el envío a 'client04'...
[2017-09-01 13:45:46,180][DEBUG] [COMMUNICATOR-FTP] Fallo. Reintentando con otro medio.
[2017-09-01 13:45:46,182][WARNING] [COMMUNICATOR] No hay módulos para el envío a 'client04'...
[2017-09-01 13:45:55,781][INFO] Cerrando el Comunicador...
[2017-09-01 13:45:55,897][WARNING] [TRANSMITTER] Funcion 'run' terminada.
[2017-09-01 13:45:55,898][INFO] [TRANSMITTER] Objeto destruido.
[2017-09-01 13:45:57,637][WARNING] [CONTROLLER] Función 'run' terminada.
[2017-09-01 13:45:58,309][WARNING] [WIFI-UDP] Función 'receiveUDP' terminada.
[2017-09-01 13:45:58,312][WARNING] [WIFI-TCP] Función 'receiveTCP' terminada.
[2017-09-01 13:45:58,314][INFO] [WIFI] Objeto destruido.
[2017-09-01 13:45:58,315][INFO] [CONTROLLER] Objeto destruido.
[2017-09-01 13:45:58,316][INFO] Comunicador cerrado exitosamente!
[2017-09-01 13:46:03,186][INFO] Abriendo el Comunicador...
[2017-09-01 13:46:03,198][INFO] Comunicador abierto exitosamente!
[2017-09-01 13:46:03,269][INFO] [WIFI] Listo para usarse (wlan0 - 192.168.1.115).
[2017-09-01 13:46:03,472][INFO] [WIFI] Conexion a Internet disponible.
[2017-09-01 13:46:03,909][INFO] [FTP] Servidor disponible (181.28.14.17).
[2017-09-01 13:46:25,188][INFO] [COMMUNICATOR] Mensaje almacenado en la cola esperando ser enviado...
[2017-09-01 13:46:28,572][INFO] [FTP] Mensaje subido al servidor.
[2017-09-01 13:47:37,381][INFO] [COMMUNICATOR] Mensaje almacenado en la cola esperando ser enviado...
[2017-09-01 13:47:39,676][DEBUG] [COMMUNICATOR-FTP] Fallo. Reintentando con otro medio.
[2017-09-01 13:47:39,677][WARNING] [COMMUNICATOR] No hay módulos para el envío a 'client04'...
[2017-09-01 13:47:45,310][INFO] Cerrando el Comunicador...
[2017-09-01 13:47:46,507][WARNING] [TRANSMITTER] Funcion 'run' terminada.
[2017-09-01 13:47:46,509][INFO] [TRANSMITTER] Objeto destruido.
[2017-09-01 13:47:47,458][WARNING] [CONTROLLER] Función 'run' terminada.
[2017-09-01 13:47:48,404][WARNING] [WIFI-TCP] Función 'receiveTCP' terminada.
[2017-09-01 13:47:48,402][WARNING] [WIFI-UDP] Función 'receiveUDP' terminada.
[2017-09-01 13:47:48,407][INFO] [WIFI] Objeto destruido.
[2017-09-01 13:47:48,408][INFO] [CONTROLLER] Objeto destruido.
[2017-09-01 13:47:48,408][INFO] Comunicador cerrado exitosamente!
[2017-09-01 17:36:10,623][INFO] Abriendo el Comunicador...
[2017-09-01 17:37:12,695][INFO] Abriendo el Comunicador...
[2017-09-01 17:37:37,723][INFO] Abriendo el Comunicador...
[2017-09-01 17:37:37,734][INFO] Comunicador abierto exitosamente!
[2017-09-01 17:37:37,805][INFO] [WIFI] Listo para usarse (wlan0 - 192.168.1.115).
[2017-09-01 17:37:37,825][INFO] [WIFI] Conexion a Internet disponible.
[2017-09-01 17:37:52,973][WARNING] [FTP] La conexion con el servidor ha fallado (181.28.14.17).
[2017-09-01 17:38:06,174][WARNING] [FTP] La conexion con el servidor ha fallado (181.28.14.17).
[2017-09-01 17:38:18,597][WARNING] [FTP] La conexion con el servidor ha fallado (181.28.14.17).
[2017-09-01 17:39:25,491][INFO] Abriendo el Comunicador...
[2017-09-01 17:39:25,504][INFO] Comunicador abierto exitosamente!
[2017-09-01 17:39:25,572][ERROR] [WIFI] [Errno 98] Address already in use.
[2017-09-01 17:39:33,767][INFO] Cerrando el Comunicador...
[2017-09-01 17:39:34,576][WARNING] [TRANSMITTER] Funcion 'run' terminada.
[2017-09-01 17:39:34,578][INFO] [TRANSMITTER] Objeto destruido.
[2017-09-01 17:39:35,963][WARNING] [CONTROLLER] Función 'run' terminada.
[2017-09-01 17:39:35,964][INFO] [CONTROLLER] Objeto destruido.
[2017-09-01 17:39:35,966][INFO] Comunicador cerrado exitosamente!
[2017-09-01 17:39:48,482][WARNING] [FTP] La conexion con el servidor ha fallado (181.28.14.17).
[2017-09-01 17:40:04,454][WARNING] [FTP] La conexion con el servidor ha fallado (181.28.14.17).
[2017-09-01 17:40:17,133][WARNING] [FTP] La conexion con el servidor ha fallado (181.28.14.17).
[2017-09-01 17:40:39,271][WARNING] [FTP] La conexion con el servidor ha fallado (181.28.14.17).
[2017-09-01 17:40:53,847][WARNING] [FTP] La conexion con el servidor ha fallado (181.28.14.17).
[2017-09-01 17:41:15,185][WARNING] [FTP] La conexion con el servidor ha fallado (181.28.14.17).
[2017-09-01 17:41:27,737][WARNING] [FTP] La conexion con el servidor ha fallado (181.28.14.17).
[2017-09-01 17:41:45,088][WARNING] [FTP] La conexion con el servidor ha fallado (181.28.14.17).
[2017-09-01 17:41:59,264][WARNING] [FTP] La conexion con el servidor ha fallado (181.28.14.17).
[2017-09-01 17:42:13,986][WARNING] [FTP] La conexion con el servidor ha fallado (181.28.14.17).
[2017-09-01 17:42:26,121][WARNING] [FTP] La conexion con el servidor ha fallado (181.28.14.17).
[2017-09-01 17:42:40,083][WARNING] [FTP] La conexion con el servidor ha fallado (181.28.14.17).
[2017-09-01 17:48:49,225][INFO] Abriendo el Comunicador...
[2017-09-01 17:48:49,243][INFO] Comunicador abierto exitosamente!
[2017-09-01 17:48:52,344][INFO] [WIFI] Listo para usarse (wlan0 - 192.168.1.115).
[2017-09-01 17:48:52,471][INFO] [WIFI] Conexion a Internet disponible.
[2017-09-01 17:49:03,816][WARNING] [FTP] La conexion con el servidor ha fallado (181.28.14.17).
[2017-09-01 17:49:11,381][INFO] Cerrando el Comunicador...
[2017-09-01 17:49:11,879][WARNING] [TRANSMITTER] Funcion 'run' terminada.
[2017-09-01 17:49:11,880][INFO] [TRANSMITTER] Objeto destruido.
[2017-09-01 17:49:16,324][WARNING] [FTP] La conexion con el servidor ha fallado (181.28.14.17).
[2017-09-01 17:49:18,337][WARNING] [CONTROLLER] Función 'run' terminada.
[2017-09-01 17:49:19,390][WARNING] [WIFI-TCP] Función 'receiveTCP' terminada.
[2017-09-01 17:49:19,393][WARNING] [WIFI-UDP] Función 'receiveUDP' terminada.
[2017-09-01 17:49:19,396][INFO] [WIFI] Objeto destruido.
[2017-09-01 17:49:19,397][INFO] [CONTROLLER] Objeto destruido.
[2017-09-01 17:49:19,398][INFO] Comunicador cerrado exitosamente!
[2017-09-01 17:52:24,585][INFO] Abriendo el Comunicador...
[2017-09-01 17:52:24,596][INFO] Comunicador abierto exitosamente!
[2017-09-01 17:52:24,669][INFO] [WIFI] Listo para usarse (wlan0 - 192.168.1.115).
[2017-09-01 17:52:24,691][INFO] [WIFI] Conexion a Internet disponible.
[2017-09-01 17:52:25,362][INFO] [FTP] Servidor disponible (181.28.14.17).
[2017-09-01 17:52:27,937][INFO] Cerrando el Comunicador...
[2017-09-01 17:52:29,175][WARNING] [TRANSMITTER] Funcion 'run' terminada.
[2017-09-01 17:52:29,177][INFO] [TRANSMITTER] Objeto destruido.
[2017-09-01 17:52:29,556][WARNING] [CONTROLLER] Función 'run' terminada.
[2017-09-01 17:52:30,685][WARNING] [WIFI-UDP] Función 'receiveUDP' terminada.
[2017-09-01 17:52:30,688][WARNING] [WIFI-TCP] Función 'receiveTCP' terminada.
[2017-09-01 17:52:30,690][INFO] [WIFI] Objeto destruido.
[2017-09-01 17:52:30,691][INFO] [CONTROLLER] Objeto destruido.
[2017-09-01 17:52:30,692][INFO] Comunicador cerrado exitosamente!
[2017-09-01 17:52:38,805][INFO] Abriendo el Comunicador...
[2017-09-01 17:52:38,817][INFO] Comunicador abierto exitosamente!
[2017-09-01 17:52:38,886][INFO] [WIFI] Listo para usarse (wlan0 - 192.168.1.115).
[2017-09-01 17:52:41,339][INFO] [WIFI] Conexion a Internet disponible.
[2017-09-01 17:52:42,566][INFO] [FTP] Servidor disponible (181.28.14.17).
[2017-09-01 17:52:44,821][INFO] Cerrando el Comunicador...
[2017-09-01 17:52:46,405][WARNING] [TRANSMITTER] Funcion 'run' terminada.
[2017-09-01 17:52:46,407][INFO] [TRANSMITTER] Objeto destruido.
[2017-09-01 17:52:46,836][WARNING] [CONTROLLER] Función 'run' terminada.
[2017-09-01 17:52:47,912][WARNING] [WIFI-TCP] Función 'receiveTCP' terminada.
[2017-09-01 17:52:47,914][WARNING] [WIFI-UDP] Función 'receiveUDP' terminada.
[2017-09-01 17:52:47,917][INFO] [WIFI] Objeto destruido.
[2017-09-01 17:52:47,918][INFO] [CONTROLLER] Objeto destruido.
[2017-09-01 17:52:47,919][INFO] Comunicador cerrado exitosamente!
[2017-09-01 17:57:37,119][INFO] Abriendo el Comunicador...
[2017-09-01 17:57:37,134][INFO] Comunicador abierto exitosamente!
[2017-09-01 17:57:37,199][INFO] [WIFI] Listo para usarse (wlan0 - 192.168.1.115).
[2017-09-01 17:57:37,785][INFO] [WIFI] Conexion a Internet disponible.
[2017-09-01 17:57:55,118][INFO] Cerrando el Comunicador...
[2017-09-01 17:57:55,236][WARNING] [TRANSMITTER] Funcion 'run' terminada.
[2017-09-01 17:57:55,238][INFO] [TRANSMITTER] Objeto destruido.
[2017-09-01 17:57:57,043][WARNING] [CONTROLLER] Función 'run' terminada.
[2017-09-01 17:57:58,234][WARNING] [WIFI-TCP] Función 'receiveTCP' terminada.
[2017-09-01 17:57:58,238][WARNING] [WIFI-UDP] Función 'receiveUDP' terminada.
[2017-09-01 17:57:58,241][INFO] [WIFI] Objeto destruido.
[2017-09-01 17:57:58,242][INFO] [CONTROLLER] Objeto destruido.
[2017-09-01 17:57:58,243][INFO] Comunicador cerrado exitosamente!
[2017-09-01 17:58:15,685][INFO] Abriendo el Comunicador...
[2017-09-01 17:58:15,699][INFO] Comunicador abierto exitosamente!
[2017-09-01 17:58:15,772][INFO] [WIFI] Listo para usarse (wlan0 - 192.168.1.115).
[2017-09-01 17:58:15,844][INFO] [WIFI] Conexion a Internet disponible.
[2017-09-01 17:58:23,481][INFO] Cerrando el Comunicador...
[2017-09-01 17:58:24,775][WARNING] [TRANSMITTER] Funcion 'run' terminada.
[2017-09-01 17:58:24,777][INFO] [TRANSMITTER] Objeto destruido.
[2017-09-01 17:58:26,867][WARNING] [CONTROLLER] Función 'run' terminada.
[2017-09-01 17:58:27,792][WARNING] [WIFI-TCP] Función 'receiveTCP' terminada.
[2017-09-01 17:58:27,797][WARNING] [WIFI-UDP] Función 'receiveUDP' terminada.
[2017-09-01 17:58:27,799][INFO] [WIFI] Objeto destruido.
[2017-09-01 17:58:27,800][INFO] [CONTROLLER] Objeto destruido.
[2017-09-01 17:58:27,801][INFO] Comunicador cerrado exitosamente!
[2017-09-01 18:12:25,987][INFO] Abriendo el Comunicador...
[2017-09-01 18:12:26,008][INFO] Comunicador abierto exitosamente!
[2017-09-01 18:12:26,066][INFO] [WIFI] Listo para usarse (wlan0 - 192.168.1.115).
[2017-09-01 18:12:26,115][INFO] [WIFI] Conexion a Internet disponible.
[2017-09-01 18:12:31,922][INFO] Cerrando el Comunicador...
[2017-09-01 18:12:32,121][WARNING] [TRANSMITTER] Funcion 'run' terminada.
[2017-09-01 18:12:32,122][INFO] [TRANSMITTER] Objeto destruido.
[2017-09-01 18:12:33,062][WARNING] [CONTROLLER] Función 'run' terminada.
[2017-09-01 18:12:33,582][WARNING] [WIFI-TCP] Función 'receiveTCP' terminada.
[2017-09-01 18:12:33,586][WARNING] [WIFI-UDP] Función 'receiveUDP' terminada.
[2017-09-01 18:12:33,589][INFO] [WIFI] Objeto destruido.
[2017-09-01 18:12:33,591][INFO] [CONTROLLER] Objeto destruido.
[2017-09-01 18:12:33,592][INFO] Comunicador cerrado exitosamente!
[2017-09-01 18:14:01,186][INFO] Abriendo el Comunicador...
[2017-09-01 18:14:01,197][INFO] Comunicador abierto exitosamente!
[2017-09-01 18:14:01,274][INFO] [WIFI] Listo para usarse (wlan0 - 192.168.1.115).
[2017-09-01 18:14:01,539][INFO] [WIFI] Conexion a Internet disponible.
[2017-09-01 18:14:11,699][INFO] Cerrando el Comunicador...
[2017-09-01 18:14:11,819][WARNING] [TRANSMITTER] Funcion 'run' terminada.
[2017-09-01 18:14:11,821][INFO] [TRANSMITTER] Objeto destruido.
[2017-09-01 18:14:12,207][WARNING] [CONTROLLER] Función 'run' terminada.
[2017-09-01 18:14:13,298][WARNING] [WIFI-TCP] Función 'receiveTCP' terminada.
[2017-09-01 18:14:13,301][WARNING] [WIFI-UDP] Función 'receiveUDP' terminada.
[2017-09-01 18:14:13,303][INFO] [WIFI] Objeto destruido.
[2017-09-01 18:14:13,304][INFO] [CONTROLLER] Objeto destruido.
[2017-09-01 18:14:13,306][INFO] Comunicador cerrado exitosamente!
[2017-09-01 18:14:33,613][INFO] Abriendo el Comunicador...
[2017-09-01 18:14:33,625][INFO] Comunicador abierto exitosamente!
[2017-09-01 18:14:33,695][INFO] [WIFI] Listo para usarse (wlan0 - 192.168.1.115).
[2017-09-01 18:14:33,823][INFO] [WIFI] Conexion a Internet disponible.
[2017-09-01 18:14:36,006][INFO] [FTP] Servidor disponible (181.28.14.17).
[2017-09-01 18:14:40,176][INFO] Cerrando el Comunicador...
[2017-09-01 18:14:41,246][WARNING] [TRANSMITTER] Funcion 'run' terminada.
[2017-09-01 18:14:41,255][INFO] [TRANSMITTER] Objeto destruido.
[2017-09-01 18:14:43,259][WARNING] [CONTROLLER] Función 'run' terminada.
[2017-09-01 18:14:44,220][WARNING] [WIFI-TCP] Función 'receiveTCP' terminada.
[2017-09-01 18:14:44,222][WARNING] [WIFI-UDP] Función 'receiveUDP' terminada.
[2017-09-01 18:14:44,225][INFO] [WIFI] Objeto destruido.
[2017-09-01 18:14:44,226][INFO] [CONTROLLER] Objeto destruido.
[2017-09-01 18:14:44,227][INFO] Comunicador cerrado exitosamente!
[2017-09-01 18:16:45,833][INFO] Abriendo el Comunicador...
[2017-09-01 18:16:45,845][INFO] Comunicador abierto exitosamente!
[2017-09-01 18:16:45,912][INFO] [WIFI] Listo para usarse (wlan0 - 192.168.1.115).
[2017-09-01 18:16:45,934][INFO] [WIFI] Conexion a Internet disponible.
[2017-09-01 18:16:47,146][INFO] [FTP] Servidor disponible (181.28.14.17).
[2017-09-01 18:18:31,083][INFO] Abriendo el Comunicador...
[2017-09-01 18:18:31,096][INFO] Comunicador abierto exitosamente!
[2017-09-01 18:18:31,169][ERROR] [WIFI] [Errno 98] Address already in use.
[2017-09-01 18:21:45,783][INFO] Abriendo el Comunicador...
[2017-09-01 18:21:45,808][INFO] Comunicador abierto exitosamente!
[2017-09-01 18:21:48,921][INFO] [WIFI] Listo para usarse (wlan0 - 192.168.1.115).
[2017-09-01 18:21:51,123][INFO] [WIFI] Conexion a Internet disponible.
[2017-09-01 18:21:52,495][INFO] [FTP] Servidor disponible (181.28.14.17).
[2017-09-01 18:22:52,360][INFO] Abriendo el Comunicador...
[2017-09-01 18:22:52,378][INFO] Comunicador abierto exitosamente!
[2017-09-01 18:22:55,457][ERROR] [WIFI] [Errno 98] Address already in use.
[2017-09-01 18:22:57,111][INFO] Cerrando el Comunicador...
[2017-09-01 18:22:58,461][WARNING] [TRANSMITTER] Funcion 'run' terminada.
[2017-09-01 18:22:58,462][INFO] [TRANSMITTER] Objeto destruido.
[2017-09-01 18:22:59,621][WARNING] [CONTROLLER] Función 'run' terminada.
[2017-09-01 18:22:59,622][INFO] [CONTROLLER] Objeto destruido.
[2017-09-01 18:22:59,623][INFO] Comunicador cerrado exitosamente!
[2017-09-01 18:26:41,562][INFO] Abriendo el Comunicador...
[2017-09-01 18:26:41,584][INFO] Comunicador abierto exitosamente!
[2017-09-01 18:26:44,680][INFO] [WIFI] Listo para usarse (wlan0 - 192.168.1.115).
[2017-09-01 18:26:44,850][INFO] [WIFI] Conexion a Internet disponible.
[2017-09-01 18:26:45,611][INFO] [FTP] Servidor disponible (181.28.14.17).
[2017-09-01 18:33:32,914][INFO] Abriendo el Comunicador...
[2017-09-01 18:33:32,928][INFO] Comunicador abierto exitosamente!
[2017-09-01 18:33:36,049][INFO] [WIFI] Listo para usarse (wlan0 - 192.168.1.115).
[2017-09-01 18:33:38,341][INFO] [WIFI] Conexion a Internet disponible.
[2017-09-01 18:33:39,088][INFO] [FTP] Servidor disponible (181.28.14.17).
[2017-09-01 18:34:01,671][INFO] Cerrando el Comunicador...
[2017-09-01 18:34:03,075][WARNING] [TRANSMITTER] Funcion 'run' terminada.
[2017-09-01 18:34:03,076][INFO] [TRANSMITTER] Objeto destruido.
[2017-09-01 18:34:05,007][WARNING] [CONTROLLER] Función 'run' terminada.
[2017-09-01 18:34:06,108][WARNING] [WIFI-UDP] Función 'receiveUDP' terminada.
[2017-09-01 18:34:06,109][WARNING] [WIFI-TCP] Función 'receiveTCP' terminada.
[2017-09-01 18:34:06,112][INFO] [WIFI] Objeto destruido.
[2017-09-01 18:34:06,113][INFO] [CONTROLLER] Objeto destruido.
[2017-09-01 18:34:06,114][INFO] Comunicador cerrado exitosamente!
[2017-09-01 18:34:51,281][INFO] Abriendo el Comunicador...
[2017-09-01 18:34:51,293][INFO] Comunicador abierto exitosamente!
[2017-09-01 18:34:51,365][INFO] [WIFI] Listo para usarse (wlan0 - 192.168.1.115).
[2017-09-01 18:34:51,410][INFO] [WIFI] Conexion a Internet disponible.
[2017-09-01 18:34:52,683][INFO] [FTP] Servidor disponible (181.28.14.17).
[2017-09-01 18:36:29,908][INFO] Cerrando el Comunicador...
[2017-09-01 18:36:30,468][WARNING] [TRANSMITTER] Funcion 'run' terminada.
[2017-09-01 18:36:30,470][INFO] [TRANSMITTER] Objeto destruido.
[2017-09-01 18:36:32,686][WARNING] [CONTROLLER] Función 'run' terminada.
[2017-09-01 18:36:33,492][WARNING] [WIFI-TCP] Función 'receiveTCP' terminada.
[2017-09-01 18:36:33,493][WARNING] [WIFI-UDP] Función 'receiveUDP' terminada.
[2017-09-01 18:36:33,495][INFO] [WIFI] Objeto destruido.
[2017-09-01 18:36:33,496][INFO] [CONTROLLER] Objeto destruido.
[2017-09-01 18:36:33,497][INFO] Comunicador cerrado exitosamente!
[2017-09-01 18:36:36,591][INFO] Abriendo el Comunicador...
[2017-09-01 18:36:36,603][INFO] Comunicador abierto exitosamente!
[2017-09-01 18:36:36,674][INFO] [WIFI] Listo para usarse (wlan0 - 192.168.1.115).
[2017-09-01 18:36:38,835][INFO] [WIFI] Conexion a Internet disponible.
[2017-09-01 18:36:40,951][INFO] [FTP] Servidor disponible (181.28.14.17).
[2017-09-01 18:37:23,092][INFO] [COMMUNICATOR] La cola de mensajes esta vacía!
[2017-09-01 18:37:53,837][INFO] Cerrando el Comunicador...
[2017-09-01 18:37:54,701][WARNING] [TRANSMITTER] Funcion 'run' terminada.
[2017-09-01 18:37:54,702][INFO] [TRANSMITTER] Objeto destruido.
[2017-09-01 18:37:54,822][WARNING] [CONTROLLER] Función 'run' terminada.
[2017-09-01 18:37:56,279][WARNING] [WIFI-TCP] Función 'receiveTCP' terminada.
[2017-09-01 18:37:56,280][WARNING] [WIFI-UDP] Función 'receiveUDP' terminada.
[2017-09-01 18:37:56,282][INFO] [WIFI] Objeto destruido.
[2017-09-01 18:37:56,283][INFO] [CONTROLLER] Objeto destruido.
[2017-09-01 18:37:56,284][INFO] Comunicador cerrado exitosamente!
[2017-09-01 18:37:59,453][INFO] Abriendo el Comunicador...
[2017-09-01 18:37:59,466][INFO] Comunicador abierto exitosamente!
[2017-09-01 18:37:59,540][INFO] [WIFI] Listo para usarse (wlan0 - 192.168.1.115).
[2017-09-01 18:38:00,715][INFO] [WIFI] Conexion a Internet disponible.
[2017-09-01 18:38:02,991][INFO] [FTP] Servidor disponible (181.28.14.17).
[2017-09-01 18:38:16,659][INFO] Cerrando el Comunicador...
[2017-09-01 18:38:17,546][WARNING] [TRANSMITTER] Funcion 'run' terminada.
[2017-09-01 18:38:17,547][INFO] [TRANSMITTER] Objeto destruido.
[2017-09-01 18:38:18,841][WARNING] [CONTROLLER] Función 'run' terminada.
[2017-09-01 18:38:19,075][WARNING] [WIFI-UDP] Función 'receiveUDP' terminada.
[2017-09-01 18:38:19,077][WARNING] [WIFI-TCP] Función 'receiveTCP' terminada.
[2017-09-01 18:38:19,079][INFO] [WIFI] Objeto destruido.
[2017-09-01 18:38:19,080][INFO] [CONTROLLER] Objeto destruido.
[2017-09-01 18:38:19,080][INFO] Comunicador cerrado exitosamente!
[2017-09-01 18:46:45,045][INFO] Abriendo el Comunicador...
[2017-09-01 18:46:45,057][INFO] Comunicador abierto exitosamente!
[2017-09-01 18:46:45,127][INFO] [WIFI] Listo para usarse (wlan0 - 192.168.1.115).
[2017-09-01 18:46:46,030][INFO] [WIFI] Conexion a Internet disponible.
[2017-09-01 18:46:47,374][INFO] [FTP] Servidor disponible (181.28.14.17).
[2017-09-01 18:46:59,435][INFO] [FTP] Mensaje  recibido correctamente!
[2017-09-01 18:47:22,947][INFO] Cerrando el Comunicador...
[2017-09-01 18:47:24,159][WARNING] [TRANSMITTER] Funcion 'run' terminada.
[2017-09-01 18:47:24,160][INFO] [TRANSMITTER] Objeto destruido.
[2017-09-01 18:47:26,091][WARNING] [CONTROLLER] Función 'run' terminada.
[2017-09-01 18:47:27,184][WARNING] [WIFI-TCP] Función 'receiveTCP' terminada.
[2017-09-01 18:47:27,189][WARNING] [WIFI-UDP] Función 'receiveUDP' terminada.
[2017-09-01 18:47:27,192][INFO] [WIFI] Objeto destruido.
[2017-09-01 18:47:27,193][INFO] [CONTROLLER] Objeto destruido.
[2017-09-01 18:47:27,194][INFO] Comunicador cerrado exitosamente!
[2017-09-01 18:47:47,271][INFO] Abriendo el Comunicador...
[2017-09-01 18:47:47,283][INFO] Comunicador abierto exitosamente!
[2017-09-01 18:47:47,349][INFO] [WIFI] Listo para usarse (wlan0 - 192.168.1.115).
[2017-09-01 18:47:47,466][INFO] [WIFI] Conexion a Internet disponible.
[2017-09-01 18:47:49,240][INFO] [FTP] Servidor disponible (181.28.14.17).
[2017-09-01 18:47:54,903][INFO] [FTP] Instancia  recibida correctamente!
[2017-09-01 18:48:15,643][INFO] Cerrando el Comunicador...
[2017-09-01 18:48:15,903][WARNING] [TRANSMITTER] Funcion 'run' terminada.
[2017-09-01 18:48:15,905][INFO] [TRANSMITTER] Objeto destruido.
[2017-09-01 18:48:17,258][WARNING] [CONTROLLER] Función 'run' terminada.
[2017-09-01 18:48:17,396][WARNING] [WIFI-TCP] Función 'receiveTCP' terminada.
[2017-09-01 18:48:17,399][WARNING] [WIFI-UDP] Función 'receiveUDP' terminada.
[2017-09-01 18:48:17,402][INFO] [WIFI] Objeto destruido.
[2017-09-01 18:48:17,403][INFO] [CONTROLLER] Objeto destruido.
[2017-09-01 18:48:17,404][INFO] Comunicador cerrado exitosamente!
[2017-09-01 18:49:03,572][INFO] Abriendo el Comunicador...
[2017-09-01 18:49:03,590][INFO] Comunicador abierto exitosamente!
[2017-09-01 18:49:03,652][INFO] [WIFI] Listo para usarse (wlan0 - 192.168.1.115).
[2017-09-01 18:49:04,044][INFO] [WIFI] Conexion a Internet disponible.
[2017-09-01 18:49:05,068][INFO] [FTP] Servidor disponible (181.28.14.17).
[2017-09-01 18:49:10,598][INFO] Cerrando el Comunicador...
[2017-09-01 18:49:11,201][WARNING] [TRANSMITTER] Funcion 'run' terminada.
[2017-09-01 18:49:11,202][INFO] [TRANSMITTER] Objeto destruido.
[2017-09-01 18:49:11,385][WARNING] [CONTROLLER] Función 'run' terminada.
[2017-09-01 18:49:12,675][WARNING] [WIFI-UDP] Función 'receiveUDP' terminada.
[2017-09-01 18:49:12,676][WARNING] [WIFI-TCP] Función 'receiveTCP' terminada.
[2017-09-01 18:49:12,679][INFO] [WIFI] Objeto destruido.
[2017-09-01 18:49:12,681][INFO] [CONTROLLER] Objeto destruido.
[2017-09-01 18:49:12,682][INFO] Comunicador cerrado exitosamente!
[2017-09-01 18:49:42,202][INFO] Abriendo el Comunicador...
[2017-09-01 18:49:42,214][INFO] Comunicador abierto exitosamente!
[2017-09-01 18:49:42,281][INFO] [WIFI] Listo para usarse (wlan0 - 192.168.1.115).
[2017-09-01 18:49:44,469][INFO] [WIFI] Conexion a Internet disponible.
[2017-09-01 18:49:46,563][INFO] [FTP] Servidor disponible (181.28.14.17).
[2017-09-01 18:49:53,638][INFO] [FTP] Archivo Tareas.docx descargado correctamente!
[2017-09-01 18:50:03,016][INFO] [FTP] Archivo Tareas.docx descargado correctamente!
[2017-09-01 18:51:26,083][INFO] Cerrando el Comunicador...
[2017-09-01 18:51:27,364][WARNING] [TRANSMITTER] Funcion 'run' terminada.
[2017-09-01 18:51:27,366][INFO] [TRANSMITTER] Objeto destruido.
[2017-09-01 18:51:29,084][WARNING] [CONTROLLER] Función 'run' terminada.
[2017-09-01 18:51:30,414][WARNING] [WIFI-TCP] Función 'receiveTCP' terminada.
[2017-09-01 18:51:30,424][WARNING] [WIFI-UDP] Función 'receiveUDP' terminada.
[2017-09-01 18:51:30,426][INFO] [WIFI] Objeto destruido.
[2017-09-01 18:51:30,427][INFO] [CONTROLLER] Objeto destruido.
[2017-09-01 18:51:30,428][INFO] Comunicador cerrado exitosamente!
[2017-09-01 18:51:32,678][INFO] Abriendo el Comunicador...
[2017-09-01 18:51:32,690][INFO] Comunicador abierto exitosamente!
[2017-09-01 18:51:32,765][INFO] [WIFI] Listo para usarse (wlan0 - 192.168.1.115).
[2017-09-01 18:51:32,780][INFO] [WIFI] Conexion a Internet disponible.
[2017-09-01 18:51:33,954][INFO] [FTP] Servidor disponible (181.28.14.17).
[2017-09-01 18:51:40,362][INFO] [FTP] Archivo Tareas.docx descargado correctamente!
[2017-09-01 18:51:48,078][WARNING] [FTP] El archivo Tareas.docx ya existe! Imposible descargar.
[2017-09-01 18:58:08,514][INFO] Cerrando el Comunicador...
[2017-09-01 18:58:08,932][WARNING] [TRANSMITTER] Funcion 'run' terminada.
[2017-09-01 18:58:08,933][INFO] [TRANSMITTER] Objeto destruido.
[2017-09-01 18:58:09,629][WARNING] [CONTROLLER] Función 'run' terminada.
[2017-09-01 18:58:10,727][WARNING] [WIFI-TCP] Función 'receiveTCP' terminada.
[2017-09-01 18:58:10,730][WARNING] [WIFI-UDP] Función 'receiveUDP' terminada.
[2017-09-01 18:58:10,732][INFO] [WIFI] Objeto destruido.
[2017-09-01 18:58:10,733][INFO] [CONTROLLER] Objeto destruido.
[2017-09-01 18:58:10,734][INFO] Comunicador cerrado exitosamente!
[2017-09-01 18:58:46,182][INFO] Abriendo el Comunicador...
[2017-09-01 18:58:46,196][INFO] Comunicador abierto exitosamente!
[2017-09-01 18:58:46,265][INFO] [WIFI] Listo para usarse (wlan0 - 192.168.1.115).
[2017-09-01 18:58:46,294][INFO] [WIFI] Conexion a Internet disponible.
[2017-09-01 18:58:47,315][INFO] [FTP] Servidor disponible (181.28.14.17).
[2017-09-01 18:59:05,293][INFO] [COMMUNICATOR] Mensaje almacenado en la cola esperando ser enviado...
[2017-09-01 18:59:06,965][INFO] [FTP] Mensaje subido al servidor.
[2017-09-01 18:59:50,016][INFO] [COMMUNICATOR] Mensaje almacenado en la cola esperando ser enviado...
[2017-09-01 18:59:51,190][INFO] [FTP] Mensaje subido al servidor.
[2017-09-01 19:00:15,313][INFO] [COMMUNICATOR] Mensaje almacenado en la cola esperando ser enviado...
[2017-09-01 19:00:17,288][DEBUG] [COMMUNICATOR-FTP] Fallo. Reintentando con otro medio.
[2017-09-01 19:00:17,290][WARNING] [COMMUNICATOR] No hay módulos para el envío a 'client04'...
[2017-09-01 19:00:31,973][INFO] Cerrando el Comunicador...
[2017-09-01 19:00:32,431][WARNING] [TRANSMITTER] Funcion 'run' terminada.
[2017-09-01 19:00:32,433][INFO] [TRANSMITTER] Objeto destruido.
[2017-09-01 19:00:33,005][DEBUG] [COMMUNICATOR-FTP] Fallo. Reintentando con otro medio.
[2017-09-01 19:00:33,006][WARNING] [COMMUNICATOR] No hay módulos para el envío a 'client04'...
[2017-09-01 19:00:33,040][WARNING] [CONTROLLER] Función 'run' terminada.
[2017-09-01 19:00:34,401][WARNING] [WIFI-TCP] Función 'receiveTCP' terminada.
[2017-09-01 19:00:34,402][WARNING] [WIFI-UDP] Función 'receiveUDP' terminada.
[2017-09-01 19:00:34,404][INFO] [WIFI] Objeto destruido.
[2017-09-01 19:00:34,405][INFO] [CONTROLLER] Objeto destruido.
[2017-09-01 19:00:34,406][INFO] Comunicador cerrado exitosamente!
[2017-09-01 19:08:25,238][INFO] Abriendo el Comunicador...
[2017-09-01 19:08:25,251][INFO] Comunicador abierto exitosamente!
[2017-09-01 19:08:25,318][INFO] [WIFI] Listo para usarse (wlan0 - 192.168.1.115).
[2017-09-01 19:08:25,573][INFO] [WIFI] Conexion a Internet disponible.
[2017-09-01 19:08:26,976][INFO] [FTP] Servidor disponible (181.28.14.17).
[2017-09-01 19:08:49,601][INFO] [COMMUNICATOR] Mensaje almacenado en la cola esperando ser enviado...
[2017-09-01 19:08:50,342][DEBUG] [COMMUNICATOR-FTP] Fallo. Reintentando con otro medio.
[2017-09-01 19:08:50,343][WARNING] [COMMUNICATOR] No hay módulos para el envío a 'client04'...
[2017-09-01 19:08:52,597][INFO] Cerrando el Comunicador...
[2017-09-01 19:08:52,731][WARNING] [TRANSMITTER] Funcion 'run' terminada.
[2017-09-01 19:08:52,733][INFO] [TRANSMITTER] Objeto destruido.
[2017-09-01 19:08:52,818][WARNING] [CONTROLLER] Función 'run' terminada.
[2017-09-01 19:08:53,866][WARNING] [WIFI-UDP] Función 'receiveUDP' terminada.
[2017-09-01 19:08:53,867][WARNING] [WIFI-TCP] Función 'receiveTCP' terminada.
[2017-09-01 19:08:53,869][INFO] [WIFI] Objeto destruido.
[2017-09-01 19:08:53,870][INFO] [CONTROLLER] Objeto destruido.
[2017-09-01 19:08:53,871][INFO] Comunicador cerrado exitosamente!
[2017-09-01 19:17:53,613][INFO] Abriendo el Comunicador...
[2017-09-01 19:17:53,626][INFO] Comunicador abierto exitosamente!
[2017-09-01 19:17:53,702][INFO] [WIFI] Listo para usarse (wlan0 - 192.168.1.115).
[2017-09-01 19:17:53,735][INFO] [WIFI] Conexion a Internet disponible.
[2017-09-01 19:17:55,160][INFO] [FTP] Servidor disponible (181.28.14.17).
[2017-09-01 19:18:24,047][INFO] [COMMUNICATOR] Mensaje almacenado en la cola esperando ser enviado...
[2017-09-01 19:18:25,111][DEBUG] [COMMUNICATOR-FTP] Fallo. Reintentando con otro medio.
[2017-09-01 19:18:25,114][WARNING] [COMMUNICATOR] No hay módulos para el envío a 'client04'...
[2017-09-01 19:18:40,845][DEBUG] [COMMUNICATOR-FTP] Fallo. Reintentando con otro medio.
[2017-09-01 19:18:40,846][WARNING] [COMMUNICATOR] No hay módulos para el envío a 'client04'...
[2017-09-01 19:18:56,962][DEBUG] [COMMUNICATOR-FTP] Fallo. Reintentando con otro medio.
[2017-09-01 19:18:56,964][WARNING] [COMMUNICATOR] No hay módulos para el envío a 'client04'...
[2017-09-01 19:19:12,715][DEBUG] [COMMUNICATOR-FTP] Fallo. Reintentando con otro medio.
[2017-09-01 19:19:12,717][WARNING] [COMMUNICATOR] No hay módulos para el envío a 'client04'...
[2017-09-01 19:19:28,453][DEBUG] [COMMUNICATOR-FTP] Fallo. Reintentando con otro medio.
[2017-09-01 19:19:28,455][WARNING] [COMMUNICATOR] No hay módulos para el envío a 'client04'...
[2017-09-01 19:19:44,311][DEBUG] [COMMUNICATOR-FTP] Fallo. Reintentando con otro medio.
[2017-09-01 19:19:44,334][WARNING] [COMMUNICATOR] No hay módulos para el envío a 'client04'...
[2017-09-01 19:20:00,042][DEBUG] [COMMUNICATOR-FTP] Fallo. Reintentando con otro medio.
[2017-09-01 19:20:00,044][WARNING] [COMMUNICATOR] No hay módulos para el envío a 'client04'...
[2017-09-01 19:20:16,006][DEBUG] [COMMUNICATOR-FTP] Fallo. Reintentando con otro medio.
[2017-09-01 19:20:16,009][WARNING] [COMMUNICATOR] No hay módulos para el envío a 'client04'...
[2017-09-01 19:20:31,956][DEBUG] [COMMUNICATOR-FTP] Fallo. Reintentando con otro medio.
[2017-09-01 19:20:31,959][WARNING] [COMMUNICATOR] No hay módulos para el envío a 'client04'...
[2017-09-01 19:20:41,269][INFO] Cerrando el Comunicador...
[2017-09-01 19:20:41,622][WARNING] [TRANSMITTER] Funcion 'run' terminada.
[2017-09-01 19:20:41,623][INFO] [TRANSMITTER] Objeto destruido.
[2017-09-01 19:20:42,176][WARNING] [CONTROLLER] Función 'run' terminada.
[2017-09-01 19:20:43,410][WARNING] [WIFI-TCP] Función 'receiveTCP' terminada.
[2017-09-01 19:20:43,414][WARNING] [WIFI-UDP] Función 'receiveUDP' terminada.
[2017-09-01 19:20:43,416][INFO] [WIFI] Objeto destruido.
[2017-09-01 19:20:43,418][INFO] [CONTROLLER] Objeto destruido.
[2017-09-01 19:20:43,419][INFO] Comunicador cerrado exitosamente!
[2017-09-01 19:20:50,361][INFO] Abriendo el Comunicador...
[2017-09-01 19:20:50,378][INFO] Comunicador abierto exitosamente!
[2017-09-01 19:20:50,441][INFO] [WIFI] Listo para usarse (wlan0 - 192.168.1.115).
[2017-09-01 19:20:52,649][INFO] [WIFI] Conexion a Internet disponible.
[2017-09-01 19:20:53,358][INFO] [FTP] Servidor disponible (181.28.14.17).
[2017-09-01 19:21:06,916][INFO] [COMMUNICATOR] Mensaje almacenado en la cola esperando ser enviado...
[2017-09-01 19:21:06,952][DEBUG] [COMMUNICATOR-FTP] Fallo. Reintentando con otro medio.
[2017-09-01 19:21:06,955][WARNING] [COMMUNICATOR] No hay módulos para el envío a 'client04'...
[2017-09-01 19:21:10,965][INFO] Cerrando el Comunicador...
[2017-09-01 19:21:11,526][WARNING] [TRANSMITTER] Funcion 'run' terminada.
[2017-09-01 19:21:11,528][INFO] [TRANSMITTER] Objeto destruido.
[2017-09-01 19:21:12,411][WARNING] [CONTROLLER] Función 'run' terminada.
[2017-09-01 19:21:12,981][WARNING] [WIFI-UDP] Función 'receiveUDP' terminada.
[2017-09-01 19:21:12,985][WARNING] [WIFI-TCP] Función 'receiveTCP' terminada.
[2017-09-01 19:21:12,987][INFO] [WIFI] Objeto destruido.
[2017-09-01 19:21:12,988][INFO] [CONTROLLER] Objeto destruido.
[2017-09-01 19:21:12,989][INFO] Comunicador cerrado exitosamente!
[2017-09-01 19:21:25,664][INFO] Abriendo el Comunicador...
[2017-09-01 19:21:25,687][INFO] Comunicador abierto exitosamente!
[2017-09-01 19:21:25,754][INFO] [WIFI] Listo para usarse (wlan0 - 192.168.1.115).
[2017-09-01 19:21:25,816][INFO] [WIFI] Conexion a Internet disponible.
[2017-09-01 19:21:27,169][INFO] [FTP] Servidor disponible (181.28.14.17).
[2017-09-01 19:21:39,440][INFO] [COMMUNICATOR] Mensaje almacenado en la cola esperando ser enviado...
[2017-09-01 19:21:42,507][INFO] [FTP] Mensaje subido al servidor.
[2017-09-01 19:22:02,451][INFO] [COMMUNICATOR] Mensaje almacenado en la cola esperando ser enviado...
[2017-09-01 19:22:03,231][INFO] [FTP] Mensaje subido al servidor.
[2017-09-01 19:22:33,409][INFO] [COMMUNICATOR] Mensaje almacenado en la cola esperando ser enviado...
[2017-09-01 19:22:34,246][INFO] [FTP] Mensaje subido al servidor.
[2017-09-01 19:24:05,729][INFO] Cerrando el Comunicador...
[2017-09-01 19:24:06,571][WARNING] [TRANSMITTER] Funcion 'run' terminada.
[2017-09-01 19:24:06,572][INFO] [TRANSMITTER] Objeto destruido.
[2017-09-01 19:24:07,437][WARNING] [CONTROLLER] Función 'run' terminada.
[2017-09-01 19:24:07,954][WARNING] [WIFI-UDP] Función 'receiveUDP' terminada.
[2017-09-01 19:24:07,959][WARNING] [WIFI-TCP] Función 'receiveTCP' terminada.
[2017-09-01 19:24:07,961][INFO] [WIFI] Objeto destruido.
[2017-09-01 19:24:07,963][INFO] [CONTROLLER] Objeto destruido.
[2017-09-01 19:24:07,964][INFO] Comunicador cerrado exitosamente!
[2017-09-01 19:24:11,277][INFO] Abriendo el Comunicador...
[2017-09-01 19:24:11,290][INFO] Comunicador abierto exitosamente!
[2017-09-01 19:24:11,361][INFO] [WIFI] Listo para usarse (wlan0 - 192.168.1.115).
[2017-09-01 19:24:11,389][INFO] [WIFI] Conexion a Internet disponible.
[2017-09-01 19:24:12,871][INFO] [FTP] Servidor disponible (181.28.14.17).
[2017-09-01 19:24:33,048][INFO] [COMMUNICATOR] Mensaje almacenado en la cola esperando ser enviado...
[2017-09-01 19:24:37,724][INFO] [FTP] Mensaje subido al servidor.
[2017-09-01 19:25:09,119][INFO] Cerrando el Comunicador...
[2017-09-01 19:25:10,662][WARNING] [TRANSMITTER] Funcion 'run' terminada.
[2017-09-01 19:25:10,663][INFO] [TRANSMITTER] Objeto destruido.
[2017-09-01 19:25:11,576][WARNING] [CONTROLLER] Función 'run' terminada.
[2017-09-01 19:25:12,942][WARNING] [WIFI-TCP] Función 'receiveTCP' terminada.
[2017-09-01 19:25:12,944][WARNING] [WIFI-UDP] Función 'receiveUDP' terminada.
[2017-09-01 19:25:12,947][INFO] [WIFI] Objeto destruido.
[2017-09-01 19:25:12,949][INFO] [CONTROLLER] Objeto destruido.
[2017-09-01 19:25:12,950][INFO] Comunicador cerrado exitosamente!
[2017-09-01 19:25:17,134][INFO] Abriendo el Comunicador...
[2017-09-01 19:25:17,146][INFO] Comunicador abierto exitosamente!
[2017-09-01 19:25:17,216][INFO] [WIFI] Listo para usarse (wlan0 - 192.168.1.115).
[2017-09-01 19:25:19,328][INFO] [WIFI] Conexion a Internet disponible.
[2017-09-01 19:25:20,695][INFO] [FTP] Servidor disponible (181.28.14.17).
[2017-09-01 19:25:35,736][INFO] [COMMUNICATOR] Mensaje almacenado en la cola esperando ser enviado...
[2017-09-01 19:25:38,340][INFO] [FTP] Mensaje subido al servidor.
[2017-09-01 19:26:47,319][INFO] Cerrando el Comunicador...
[2017-09-01 19:26:47,911][WARNING] [TRANSMITTER] Funcion 'run' terminada.
[2017-09-01 19:26:47,913][INFO] [TRANSMITTER] Objeto destruido.
[2017-09-01 19:26:48,865][WARNING] [CONTROLLER] Función 'run' terminada.
[2017-09-01 19:26:50,337][WARNING] [WIFI-TCP] Función 'receiveTCP' terminada.
[2017-09-01 19:26:50,339][WARNING] [WIFI-UDP] Función 'receiveUDP' terminada.
[2017-09-01 19:26:50,342][INFO] [WIFI] Objeto destruido.
[2017-09-01 19:26:50,343][INFO] [CONTROLLER] Objeto destruido.
[2017-09-01 19:26:50,344][INFO] Comunicador cerrado exitosamente!
[2017-09-01 19:26:53,126][INFO] Abriendo el Comunicador...
[2017-09-01 19:26:53,139][INFO] Comunicador abierto exitosamente!
[2017-09-01 19:26:53,210][INFO] [WIFI] Listo para usarse (wlan0 - 192.168.1.115).
[2017-09-01 19:26:55,343][INFO] [WIFI] Conexion a Internet disponible.
[2017-09-01 19:26:56,310][INFO] [FTP] Servidor disponible (181.28.14.17).
[2017-09-01 19:27:07,348][INFO] [COMMUNICATOR] La cola de mensajes esta vacía!
[2017-09-01 19:27:08,079][INFO] [COMMUNICATOR] La cola de mensajes esta vacía!
[2017-09-01 19:28:49,822][INFO] Cerrando el Comunicador...
[2017-09-01 19:28:50,262][WARNING] [TRANSMITTER] Funcion 'run' terminada.
[2017-09-01 19:28:50,263][INFO] [TRANSMITTER] Objeto destruido.
[2017-09-01 19:28:50,345][WARNING] [CONTROLLER] Función 'run' terminada.
[2017-09-01 19:28:50,359][WARNING] [WIFI-TCP] Función 'receiveTCP' terminada.
[2017-09-01 19:28:50,363][WARNING] [WIFI-UDP] Función 'receiveUDP' terminada.
[2017-09-01 19:28:50,366][INFO] [WIFI] Objeto destruido.
[2017-09-01 19:28:50,367][INFO] [CONTROLLER] Objeto destruido.
[2017-09-01 19:28:50,367][INFO] Comunicador cerrado exitosamente!
[2017-09-01 19:28:52,638][INFO] Abriendo el Comunicador...
[2017-09-01 19:28:52,650][INFO] Comunicador abierto exitosamente!
[2017-09-01 19:28:52,726][INFO] [WIFI] Listo para usarse (wlan0 - 192.168.1.115).
[2017-09-01 19:28:52,746][INFO] [WIFI] Conexion a Internet disponible.
[2017-09-01 19:28:56,661][INFO] Cerrando el Comunicador...
[2017-09-01 19:28:57,252][WARNING] [TRANSMITTER] Funcion 'run' terminada.
[2017-09-01 19:28:57,253][INFO] [TRANSMITTER] Objeto destruido.
[2017-09-01 19:28:57,750][WARNING] [CONTROLLER] Función 'run' terminada.
[2017-09-01 19:28:58,740][WARNING] [WIFI-TCP] Función 'receiveTCP' terminada.
[2017-09-01 19:28:58,743][WARNING] [WIFI-UDP] Función 'receiveUDP' terminada.
[2017-09-01 19:28:58,745][INFO] [WIFI] Objeto destruido.
[2017-09-01 19:28:58,746][INFO] [CONTROLLER] Objeto destruido.
[2017-09-01 19:28:58,747][INFO] Comunicador cerrado exitosamente!
[2017-09-01 19:29:17,693][INFO] Abriendo el Comunicador...
[2017-09-01 19:29:17,705][INFO] Comunicador abierto exitosamente!
[2017-09-01 19:29:17,773][INFO] [WIFI] Listo para usarse (wlan0 - 192.168.1.115).
[2017-09-01 19:29:17,802][INFO] [WIFI] Conexion a Internet disponible.
[2017-09-01 19:29:23,601][INFO] Cerrando el Comunicador...
[2017-09-01 19:29:23,819][WARNING] [TRANSMITTER] Funcion 'run' terminada.
[2017-09-01 19:29:23,821][INFO] [TRANSMITTER] Objeto destruido.
[2017-09-01 19:29:25,488][WARNING] [CONTROLLER] Función 'run' terminada.
[2017-09-01 19:29:26,795][WARNING] [WIFI-TCP] Función 'receiveTCP' terminada.
[2017-09-01 19:29:26,796][WARNING] [WIFI-UDP] Función 'receiveUDP' terminada.
[2017-09-01 19:29:26,800][INFO] [WIFI] Objeto destruido.
[2017-09-01 19:29:26,801][INFO] [CONTROLLER] Objeto destruido.
[2017-09-01 19:29:26,802][INFO] Comunicador cerrado exitosamente!
[2017-09-01 19:30:15,335][INFO] Abriendo el Comunicador...
[2017-09-01 19:30:15,348][INFO] Comunicador abierto exitosamente!
[2017-09-01 19:30:15,423][INFO] [WIFI] Listo para usarse (wlan0 - 192.168.1.115).
[2017-09-01 19:30:17,678][INFO] [WIFI] Conexion a Internet disponible.
[2017-09-01 19:30:20,978][WARNING] [FTP] El archivo Tareas.docx ya existe! Imposible descargar.
[2017-09-01 19:30:24,011][INFO] Cerrando el Comunicador...
[2017-09-01 19:30:24,461][WARNING] [TRANSMITTER] Funcion 'run' terminada.
[2017-09-01 19:30:24,463][INFO] [TRANSMITTER] Objeto destruido.
[2017-09-01 19:30:27,048][WARNING] [FTP] El archivo Tareas.docx ya existe! Imposible descargar.
[2017-09-01 19:30:29,057][WARNING] [CONTROLLER] Función 'run' terminada.
[2017-09-01 19:30:30,452][WARNING] [WIFI-UDP] Función 'receiveUDP' terminada.
[2017-09-01 19:30:30,455][WARNING] [WIFI-TCP] Función 'receiveTCP' terminada.
[2017-09-01 19:30:30,458][INFO] [WIFI] Objeto destruido.
[2017-09-01 19:30:30,459][INFO] [CONTROLLER] Objeto destruido.
[2017-09-01 19:30:30,459][INFO] Comunicador cerrado exitosamente!
[2017-09-01 19:30:59,065][INFO] Abriendo el Comunicador...
[2017-09-01 19:30:59,082][INFO] Comunicador abierto exitosamente!
[2017-09-01 19:30:59,145][INFO] [WIFI] Listo para usarse (wlan0 - 192.168.1.115).
[2017-09-01 19:30:59,165][INFO] [WIFI] Conexion a Internet disponible.
[2017-09-01 19:31:02,910][INFO] Cerrando el Comunicador...
[2017-09-01 19:31:03,665][WARNING] [TRANSMITTER] Funcion 'run' terminada.
[2017-09-01 19:31:03,667][INFO] [TRANSMITTER] Objeto destruido.
[2017-09-01 19:31:05,810][WARNING] [CONTROLLER] Función 'run' terminada.
[2017-09-01 19:31:06,664][WARNING] [WIFI-UDP] Función 'receiveUDP' terminada.
[2017-09-01 19:31:06,667][WARNING] [WIFI-TCP] Función 'receiveTCP' terminada.
[2017-09-01 19:31:06,669][INFO] [WIFI] Objeto destruido.
[2017-09-01 19:31:06,670][INFO] [CONTROLLER] Objeto destruido.
[2017-09-01 19:31:06,671][INFO] Comunicador cerrado exitosamente!
[2017-09-01 19:32:42,874][INFO] Abriendo el Comunicador...
[2017-09-01 19:32:42,883][INFO] Comunicador abierto exitosamente!
[2017-09-01 19:32:42,956][INFO] [WIFI] Listo para usarse (wlan0 - 192.168.1.115).
[2017-09-01 19:32:42,980][INFO] [WIFI] Conexion a Internet disponible.
[2017-09-01 19:32:48,889][WARNING] [FTP] El archivo Tareas.docx ya existe! Imposible descargar.
[2017-09-01 19:32:54,179][WARNING] [FTP] El archivo Tareas.docx ya existe! Imposible descargar.
[2017-09-01 19:32:54,920][INFO] Cerrando el Comunicador...
[2017-09-01 19:32:56,272][INFO] [WIFI] Se ha perdido la conexion a Internet.
[2017-09-01 19:32:56,461][WARNING] [TRANSMITTER] Funcion 'run' terminada.
[2017-09-01 19:32:56,462][INFO] [TRANSMITTER] Objeto destruido.
[2017-09-01 19:32:58,323][WARNING] [CONTROLLER] Función 'run' terminada.
[2017-09-01 19:32:59,490][WARNING] [WIFI-UDP] Función 'receiveUDP' terminada.
[2017-09-01 19:32:59,492][WARNING] [WIFI-TCP] Función 'receiveTCP' terminada.
[2017-09-01 19:32:59,497][INFO] [WIFI] Objeto destruido.
[2017-09-01 19:32:59,499][INFO] [CONTROLLER] Objeto destruido.
[2017-09-01 19:32:59,500][INFO] Comunicador cerrado exitosamente!
[2017-09-01 19:34:08,754][INFO] Abriendo el Comunicador...
[2017-09-01 19:34:08,770][INFO] Comunicador abierto exitosamente!
[2017-09-01 19:34:08,837][INFO] [WIFI] Listo para usarse (wlan0 - 192.168.1.115).
[2017-09-01 19:34:09,064][INFO] [WIFI] Conexion a Internet disponible.
[2017-09-01 19:34:12,884][INFO] [FTP] Archivo Tareas.docx descargado correctamente!
[2017-09-01 19:34:15,910][INFO] Cerrando el Comunicador...
[2017-09-01 19:34:16,386][WARNING] [TRANSMITTER] Funcion 'run' terminada.
[2017-09-01 19:34:16,388][INFO] [TRANSMITTER] Objeto destruido.
[2017-09-01 19:34:33,221][WARNING] [CONTROLLER] Función 'run' terminada.
[2017-09-01 19:34:34,375][WARNING] [WIFI-TCP] Función 'receiveTCP' terminada.
[2017-09-01 19:34:34,380][WARNING] [WIFI-UDP] Función 'receiveUDP' terminada.
[2017-09-01 19:34:34,383][INFO] [WIFI] Objeto destruido.
[2017-09-01 19:34:34,384][INFO] [CONTROLLER] Objeto destruido.
[2017-09-01 19:34:34,385][INFO] Comunicador cerrado exitosamente!
[2017-09-01 19:40:09,306][INFO] Abriendo el Comunicador...
[2017-09-01 19:40:09,318][INFO] Comunicador abierto exitosamente!
[2017-09-01 19:40:09,395][INFO] [WIFI] Listo para usarse (wlan0 - 192.168.1.115).
[2017-09-01 19:40:09,530][INFO] [WIFI] Conexion a Internet disponible.
[2017-09-01 19:40:12,513][INFO] [FTP] Archivo Tareas.docx descargado correctamente!
[2017-09-01 19:40:12,859][INFO] [FTP] Instancia de client04 recibida correctamente!
[2017-09-01 19:40:13,332][INFO] [FTP] Mensaje de client04 recibido correctamente!
[2017-09-01 19:40:13,388][INFO] [FTP] Servidor disponible (181.28.14.17).
[2017-09-01 19:40:26,304][INFO] Cerrando el Comunicador...
[2017-09-01 19:40:27,434][WARNING] [TRANSMITTER] Funcion 'run' terminada.
[2017-09-01 19:40:27,435][INFO] [TRANSMITTER] Objeto destruido.
[2017-09-01 19:40:28,527][WARNING] [CONTROLLER] Función 'run' terminada.
[2017-09-01 19:40:28,925][WARNING] [WIFI-UDP] Función 'receiveUDP' terminada.
[2017-09-01 19:40:28,928][WARNING] [WIFI-TCP] Función 'receiveTCP' terminada.
[2017-09-01 19:40:28,930][INFO] [WIFI] Objeto destruido.
[2017-09-01 19:40:28,931][INFO] [CONTROLLER] Objeto destruido.
[2017-09-01 19:40:28,932][INFO] Comunicador cerrado exitosamente!
